Analysis & Synthesis report for lab5Practice
Fri Mar 11 10:01:21 2022
Quartus Prime Version 16.1.1 Build 200 11/30/2016 SJ Lite Edition


---------------------
; Table of Contents ;
---------------------
  1. Legal Notice
  2. Analysis & Synthesis Summary
  3. Analysis & Synthesis Settings
  4. Parallel Compilation
  5. Analysis & Synthesis Source Files Read
  6. Analysis & Synthesis Resource Usage Summary
  7. Analysis & Synthesis Resource Utilization by Entity
  8. User-Specified and Inferred Latches
  9. General Register Statistics
 10. Inverted Register Statistics
 11. Multiplexer Restructuring Statistics (Restructuring Performed)
 12. Port Connectivity Checks: "twentyBitCounter:twentyCnt"
 13. Port Connectivity Checks: "fourBitCounter:fourCnt"
 14. Post-Synthesis Netlist Statistics for Top Partition
 15. Elapsed Time Per Partition
 16. Analysis & Synthesis Messages



----------------
; Legal Notice ;
----------------
Copyright (C) 2016  Intel Corporation. All rights reserved.
Your use of Intel Corporation's design tools, logic functions 
and other software and tools, and its AMPP partner logic 
functions, and any output files from any of the foregoing 
(including device programming or simulation files), and any 
associated documentation or information are expressly subject 
to the terms and conditions of the Intel Program License 
Subscription Agreement, the Intel Quartus Prime License Agreement,
the Intel MegaCore Function License Agreement, or other 
applicable license agreement, including, without limitation, 
that your use is for the sole purpose of programming logic 
devices manufactured by Intel and sold by Intel or its 
authorized distributors.  Please refer to the applicable 
agreement for further details.



+-------------------------------------------------------------------------------+
; Analysis & Synthesis Summary                                                  ;
+---------------------------------+---------------------------------------------+
; Analysis & Synthesis Status     ; Successful - Fri Mar 11 10:01:20 2022       ;
; Quartus Prime Version           ; 16.1.1 Build 200 11/30/2016 SJ Lite Edition ;
; Revision Name                   ; lab5Practice                                ;
; Top-level Entity Name           ; demo_Display                                ;
; Family                          ; Cyclone V                                   ;
; Logic utilization (in ALMs)     ; N/A                                         ;
; Total registers                 ; 34                                          ;
; Total pins                      ; 15                                          ;
; Total virtual pins              ; 0                                           ;
; Total block memory bits         ; 0                                           ;
; Total DSP Blocks                ; 0                                           ;
; Total HSSI RX PCSs              ; 0                                           ;
; Total HSSI PMA RX Deserializers ; 0                                           ;
; Total HSSI TX PCSs              ; 0                                           ;
; Total HSSI PMA TX Serializers   ; 0                                           ;
; Total PLLs                      ; 0                                           ;
; Total DLLs                      ; 0                                           ;
+---------------------------------+---------------------------------------------+


+---------------------------------------------------------------------------------------------------------------------------+
; Analysis & Synthesis Settings                                                                                             ;
+---------------------------------------------------------------------------------+--------------------+--------------------+
; Option                                                                          ; Setting            ; Default Value      ;
+---------------------------------------------------------------------------------+--------------------+--------------------+
; Device                                                                          ; 5CSEMA5F31C6       ;                    ;
; Top-level entity name                                                           ; demo_Display       ; lab5Practice       ;
; Family name                                                                     ; Cyclone V          ; Cyclone V          ;
; Use smart compilation                                                           ; Off                ; Off                ;
; Enable parallel Assembler and TimeQuest Timing Analyzer during compilation      ; On                 ; On                 ;
; Enable compact report table                                                     ; Off                ; Off                ;
; Restructure Multiplexers                                                        ; Auto               ; Auto               ;
; MLAB Add Timing Constraints For Mixed-Port Feed-Through Mode Setting Don't Care ; Off                ; Off                ;
; Create Debugging Nodes for IP Cores                                             ; Off                ; Off                ;
; Preserve fewer node names                                                       ; On                 ; On                 ;
; OpenCore Plus hardware evaluation                                               ; Enable             ; Enable             ;
; Verilog Version                                                                 ; Verilog_2001       ; Verilog_2001       ;
; VHDL Version                                                                    ; VHDL_1993          ; VHDL_1993          ;
; State Machine Processing                                                        ; Auto               ; Auto               ;
; Safe State Machine                                                              ; Off                ; Off                ;
; Extract Verilog State Machines                                                  ; On                 ; On                 ;
; Extract VHDL State Machines                                                     ; On                 ; On                 ;
; Ignore Verilog initial constructs                                               ; Off                ; Off                ;
; Iteration limit for constant Verilog loops                                      ; 5000               ; 5000               ;
; Iteration limit for non-constant Verilog loops                                  ; 250                ; 250                ;
; Add Pass-Through Logic to Inferred RAMs                                         ; On                 ; On                 ;
; Infer RAMs from Raw Logic                                                       ; On                 ; On                 ;
; Parallel Synthesis                                                              ; On                 ; On                 ;
; DSP Block Balancing                                                             ; Auto               ; Auto               ;
; NOT Gate Push-Back                                                              ; On                 ; On                 ;
; Power-Up Don't Care                                                             ; On                 ; On                 ;
; Remove Redundant Logic Cells                                                    ; Off                ; Off                ;
; Remove Duplicate Registers                                                      ; On                 ; On                 ;
; Ignore CARRY Buffers                                                            ; Off                ; Off                ;
; Ignore CASCADE Buffers                                                          ; Off                ; Off                ;
; Ignore GLOBAL Buffers                                                           ; Off                ; Off                ;
; Ignore ROW GLOBAL Buffers                                                       ; Off                ; Off                ;
; Ignore LCELL Buffers                                                            ; Off                ; Off                ;
; Ignore SOFT Buffers                                                             ; On                 ; On                 ;
; Limit AHDL Integers to 32 Bits                                                  ; Off                ; Off                ;
; Optimization Technique                                                          ; Balanced           ; Balanced           ;
; Carry Chain Length                                                              ; 70                 ; 70                 ;
; Auto Carry Chains                                                               ; On                 ; On                 ;
; Auto Open-Drain Pins                                                            ; On                 ; On                 ;
; Perform WYSIWYG Primitive Resynthesis                                           ; Off                ; Off                ;
; Auto ROM Replacement                                                            ; On                 ; On                 ;
; Auto RAM Replacement                                                            ; On                 ; On                 ;
; Auto DSP Block Replacement                                                      ; On                 ; On                 ;
; Auto Shift Register Replacement                                                 ; Auto               ; Auto               ;
; Allow Shift Register Merging across Hierarchies                                 ; Auto               ; Auto               ;
; Auto Clock Enable Replacement                                                   ; On                 ; On                 ;
; Strict RAM Replacement                                                          ; Off                ; Off                ;
; Allow Synchronous Control Signals                                               ; On                 ; On                 ;
; Force Use of Synchronous Clear Signals                                          ; Off                ; Off                ;
; Auto Resource Sharing                                                           ; Off                ; Off                ;
; Allow Any RAM Size For Recognition                                              ; Off                ; Off                ;
; Allow Any ROM Size For Recognition                                              ; Off                ; Off                ;
; Allow Any Shift Register Size For Recognition                                   ; Off                ; Off                ;
; Use LogicLock Constraints during Resource Balancing                             ; On                 ; On                 ;
; Ignore translate_off and synthesis_off directives                               ; Off                ; Off                ;
; Timing-Driven Synthesis                                                         ; On                 ; On                 ;
; Report Parameter Settings                                                       ; On                 ; On                 ;
; Report Source Assignments                                                       ; On                 ; On                 ;
; Report Connectivity Checks                                                      ; On                 ; On                 ;
; Ignore Maximum Fan-Out Assignments                                              ; Off                ; Off                ;
; Synchronization Register Chain Length                                           ; 3                  ; 3                  ;
; PowerPlay Power Optimization During Synthesis                                   ; Normal compilation ; Normal compilation ;
; HDL message level                                                               ; Level2             ; Level2             ;
; Suppress Register Optimization Related Messages                                 ; Off                ; Off                ;
; Number of Removed Registers Reported in Synthesis Report                        ; 5000               ; 5000               ;
; Number of Swept Nodes Reported in Synthesis Report                              ; 5000               ; 5000               ;
; Number of Inverted Registers Reported in Synthesis Report                       ; 100                ; 100                ;
; Clock MUX Protection                                                            ; On                 ; On                 ;
; Auto Gated Clock Conversion                                                     ; Off                ; Off                ;
; Block Design Naming                                                             ; Auto               ; Auto               ;
; SDC constraint protection                                                       ; Off                ; Off                ;
; Synthesis Effort                                                                ; Auto               ; Auto               ;
; Shift Register Replacement - Allow Asynchronous Clear Signal                    ; On                 ; On                 ;
; Pre-Mapping Resynthesis Optimization                                            ; Off                ; Off                ;
; Analysis & Synthesis Message Level                                              ; Medium             ; Medium             ;
; Disable Register Merging Across Hierarchies                                     ; Auto               ; Auto               ;
; Resource Aware Inference For Block RAM                                          ; On                 ; On                 ;
; Automatic Parallel Synthesis                                                    ; On                 ; On                 ;
; Partial Reconfiguration Bitstream ID                                            ; Off                ; Off                ;
+---------------------------------------------------------------------------------+--------------------+--------------------+


+------------------------------------------+
; Parallel Compilation                     ;
+----------------------------+-------------+
; Processors                 ; Number      ;
+----------------------------+-------------+
; Number detected on machine ; 4           ;
; Maximum allowed            ; 4           ;
;                            ;             ;
; Average used               ; 1.00        ;
; Maximum used               ; 4           ;
;                            ;             ;
; Usage by Processor         ; % Time Used ;
;     Processor 1            ; 100.0%      ;
;     Processor 2            ;   0.0%      ;
;     Processors 3-4         ;   0.0%      ;
+----------------------------+-------------+


+---------------------------------------------------------------------------------------------------------------------------------------------------------+
; Analysis & Synthesis Source Files Read                                                                                                                  ;
+----------------------------------+-----------------+-----------------+------------------------------------------------------------------------+---------+
; File Name with User-Entered Path ; Used in Netlist ; File Type       ; File Name with Absolute Path                                           ; Library ;
+----------------------------------+-----------------+-----------------+------------------------------------------------------------------------+---------+
; fourBitCounter.vhd               ; yes             ; User VHDL File  ; H:/My Documents/Downloads/ECE5500/Lab5Practice/fourBitCounter.vhd      ;         ;
; twentyBitCounter.vhd             ; yes             ; User VHDL File  ; H:/My Documents/Downloads/ECE5500/Lab5Practice/twentyBitCounter.vhd    ;         ;
; tenBitShiftRegister.vhd          ; yes             ; User VHDL File  ; H:/My Documents/Downloads/ECE5500/Lab5Practice/tenBitShiftRegister.vhd ;         ;
; demo_Display.vhd                 ; yes             ; User VHDL File  ; H:/My Documents/Downloads/ECE5500/Lab5Practice/demo_Display.vhd        ;         ;
+----------------------------------+-----------------+-----------------+------------------------------------------------------------------------+---------+


+--------------------------------------------------------------+
; Analysis & Synthesis Resource Usage Summary                  ;
+---------------------------------------------+----------------+
; Resource                                    ; Usage          ;
+---------------------------------------------+----------------+
; Estimate of Logic utilization (ALMs needed) ; 24             ;
;                                             ;                ;
; Combinational ALUT usage for logic          ; 36             ;
;     -- 7 input functions                    ; 0              ;
;     -- 6 input functions                    ; 3              ;
;     -- 5 input functions                    ; 1              ;
;     -- 4 input functions                    ; 5              ;
;     -- <=3 input functions                  ; 27             ;
;                                             ;                ;
; Dedicated logic registers                   ; 34             ;
;                                             ;                ;
; I/O pins                                    ; 15             ;
;                                             ;                ;
; Total DSP Blocks                            ; 0              ;
;                                             ;                ;
; Maximum fan-out node                        ; reset20Count~0 ;
; Maximum fan-out                             ; 20             ;
; Total fan-out                               ; 246            ;
; Average fan-out                             ; 2.46           ;
+---------------------------------------------+----------------+


+------------------------------------------------------------------------------------------------------------------------------------------------------------------------------------------------------------------------------+
; Analysis & Synthesis Resource Utilization by Entity                                                                                                                                                                          ;
+-----------------------------------+---------------------+---------------------------+-------------------+------------+------+--------------+--------------------------------------------+---------------------+--------------+
; Compilation Hierarchy Node        ; Combinational ALUTs ; Dedicated Logic Registers ; Block Memory Bits ; DSP Blocks ; Pins ; Virtual Pins ; Full Hierarchy Name                        ; Entity Name         ; Library Name ;
+-----------------------------------+---------------------+---------------------------+-------------------+------------+------+--------------+--------------------------------------------+---------------------+--------------+
; |demo_Display                     ; 36 (7)              ; 34 (0)                    ; 0                 ; 0          ; 15   ; 0            ; |demo_Display                              ; demo_Display        ; work         ;
;    |fourBitCounter:fourCnt|       ; 6 (6)               ; 4 (4)                     ; 0                 ; 0          ; 0    ; 0            ; |demo_Display|fourBitCounter:fourCnt       ; fourBitCounter      ; work         ;
;    |tenBitShiftRegister:shiftReg| ; 3 (3)               ; 10 (10)                   ; 0                 ; 0          ; 0    ; 0            ; |demo_Display|tenBitShiftRegister:shiftReg ; tenBitShiftRegister ; work         ;
;    |twentyBitCounter:twentyCnt|   ; 20 (20)             ; 20 (20)                   ; 0                 ; 0          ; 0    ; 0            ; |demo_Display|twentyBitCounter:twentyCnt   ; twentyBitCounter    ; work         ;
+-----------------------------------+---------------------+---------------------------+-------------------+------------+------+--------------+--------------------------------------------+---------------------+--------------+
Note: For table entries with two numbers listed, the numbers in parentheses indicate the number of resources of the given type used by the specific entity alone. The numbers listed outside of parentheses indicate the total resources of the given type used by the specific entity and all of its sub-entities in the hierarchy.


+---------------------------------------------------------------------------------------------------+
; User-Specified and Inferred Latches                                                               ;
+----------------------------------------------------+---------------------+------------------------+
; Latch Name                                         ; Latch Enable Signal ; Free of Timing Hazards ;
+----------------------------------------------------+---------------------+------------------------+
; s1                                                 ; s1                  ; yes                    ;
; s0                                                 ; s1                  ; yes                    ;
; Number of user-specified and inferred latches = 2  ;                     ;                        ;
+----------------------------------------------------+---------------------+------------------------+
Note: All latches listed above may not be present at the end of synthesis due to various synthesis optimizations.


+------------------------------------------------------+
; General Register Statistics                          ;
+----------------------------------------------+-------+
; Statistic                                    ; Value ;
+----------------------------------------------+-------+
; Total registers                              ; 34    ;
; Number of registers using Synchronous Clear  ; 29    ;
; Number of registers using Synchronous Load   ; 9     ;
; Number of registers using Asynchronous Clear ; 10    ;
; Number of registers using Asynchronous Load  ; 0     ;
; Number of registers using Clock Enable       ; 0     ;
; Number of registers using Preset             ; 0     ;
+----------------------------------------------+-------+


+--------------------------------------------------+
; Inverted Register Statistics                     ;
+----------------------------------------+---------+
; Inverted Register                      ; Fan out ;
+----------------------------------------+---------+
; tenBitShiftRegister:shiftReg|regval[0] ; 2       ;
; Total number of inverted registers = 1 ;         ;
+----------------------------------------+---------+


+--------------------------------------------------------------------------------------------------------------------------------------------------------------------+
; Multiplexer Restructuring Statistics (Restructuring Performed)                                                                                                     ;
+--------------------+-----------+---------------+----------------------+------------------------+------------+------------------------------------------------------+
; Multiplexer Inputs ; Bus Width ; Baseline Area ; Area if Restructured ; Saving if Restructured ; Registered ; Example Multiplexer Output                           ;
+--------------------+-----------+---------------+----------------------+------------------------+------------+------------------------------------------------------+
; 4:1                ; 9 bits    ; 18 LEs        ; 0 LEs                ; 18 LEs                 ; Yes        ; |demo_Display|tenBitShiftRegister:shiftReg|regval[1] ;
+--------------------+-----------+---------------+----------------------+------------------------+------------+------------------------------------------------------+


+-------------------------------------------------------------------------------------------------------------------------+
; Port Connectivity Checks: "twentyBitCounter:twentyCnt"                                                                  ;
+---------------+--------+----------+-------------------------------------------------------------------------------------+
; Port          ; Type   ; Severity ; Details                                                                             ;
+---------------+--------+----------+-------------------------------------------------------------------------------------+
; output[15..0] ; Output ; Info     ; Connected to dangling logic. Logic that only feeds a dangling port will be removed. ;
+---------------+--------+----------+-------------------------------------------------------------------------------------+


+------------------------------------------------------------------------------------------------------------------------+
; Port Connectivity Checks: "fourBitCounter:fourCnt"                                                                     ;
+--------------+--------+----------+-------------------------------------------------------------------------------------+
; Port         ; Type   ; Severity ; Details                                                                             ;
+--------------+--------+----------+-------------------------------------------------------------------------------------+
; output[2..1] ; Output ; Info     ; Connected to dangling logic. Logic that only feeds a dangling port will be removed. ;
+--------------+--------+----------+-------------------------------------------------------------------------------------+


+-----------------------------------------------------+
; Post-Synthesis Netlist Statistics for Top Partition ;
+-----------------------+-----------------------------+
; Type                  ; Count                       ;
+-----------------------+-----------------------------+
; arriav_ff             ; 34                          ;
;     CLR               ; 1                           ;
;     CLR SCLR SLD      ; 9                           ;
;     SCLR              ; 20                          ;
;     plain             ; 4                           ;
; arriav_lcell_comb     ; 36                          ;
;     arith             ; 20                          ;
;         1 data inputs ; 20                          ;
;     normal            ; 16                          ;
;         1 data inputs ; 1                           ;
;         2 data inputs ; 5                           ;
;         3 data inputs ; 1                           ;
;         4 data inputs ; 5                           ;
;         5 data inputs ; 1                           ;
;         6 data inputs ; 3                           ;
; boundary_port         ; 15                          ;
;                       ;                             ;
; Max LUT depth         ; 3.00                        ;
; Average LUT depth     ; 2.02                        ;
+-----------------------+-----------------------------+


+-------------------------------+
; Elapsed Time Per Partition    ;
+----------------+--------------+
; Partition Name ; Elapsed Time ;
+----------------+--------------+
; Top            ; 00:00:00     ;
+----------------+--------------+


+-------------------------------+
; Analysis & Synthesis Messages ;
+-------------------------------+
Info: *******************************************************************
Info: Running Quartus Prime Analysis & Synthesis
    Info: Version 16.1.1 Build 200 11/30/2016 SJ Lite Edition
    Info: Processing started: Fri Mar 11 10:01:08 2022
Info: Command: quartus_map --read_settings_files=on --write_settings_files=off lab5Practice -c lab5Practice
Warning (18236): Number of processors has not been specified which may cause overloading on shared machines.  Set the global assignment NUM_PARALLEL_PROCESSORS in your QSF to an appropriate value for best performance.
Info (20030): Parallel compilation is enabled and will use 4 of the 4 processors detected
Info (12021): Found 2 design units, including 1 entities, in source file fourbitcounter.vhd
    Info (12022): Found design unit 1: fourBitCounter-Structure File: H:/My Documents/Downloads/ECE5500/Lab5Practice/fourBitCounter.vhd Line: 11
    Info (12023): Found entity 1: fourBitCounter File: H:/My Documents/Downloads/ECE5500/Lab5Practice/fourBitCounter.vhd Line: 6
Info (12021): Found 2 design units, including 1 entities, in source file twentybitcounter.vhd
    Info (12022): Found design unit 1: twentyBitCounter-Structure File: H:/My Documents/Downloads/ECE5500/Lab5Practice/twentyBitCounter.vhd Line: 11
    Info (12023): Found entity 1: twentyBitCounter File: H:/My Documents/Downloads/ECE5500/Lab5Practice/twentyBitCounter.vhd Line: 6
Info (12021): Found 2 design units, including 1 entities, in source file tenbitshiftregister.vhd
    Info (12022): Found design unit 1: tenBitShiftRegister-Structure File: H:/My Documents/Downloads/ECE5500/Lab5Practice/tenBitShiftRegister.vhd Line: 11
    Info (12023): Found entity 1: tenBitShiftRegister File: H:/My Documents/Downloads/ECE5500/Lab5Practice/tenBitShiftRegister.vhd Line: 5
Info (12021): Found 2 design units, including 1 entities, in source file demo_display.vhd
    Info (12022): Found design unit 1: demo_Display-Structure File: H:/My Documents/Downloads/ECE5500/Lab5Practice/demo_Display.vhd Line: 16
    Info (12023): Found entity 1: demo_Display File: H:/My Documents/Downloads/ECE5500/Lab5Practice/demo_Display.vhd Line: 10
Info (12127): Elaborating entity "demo_Display" for the top level hierarchy
Warning (10492): VHDL Process Statement warning at demo_Display.vhd(67): signal "ctrl" is read inside the Process Statement but isn't in the Process Statement's sensitivity list File: H:/My Documents/Downloads/ECE5500/Lab5Practice/demo_Display.vhd Line: 67
Warning (10631): VHDL Process Statement warning at demo_Display.vhd(52): inferring latch(es) for signal or variable "s0", which holds its previous value in one or more paths through the process File: H:/My Documents/Downloads/ECE5500/Lab5Practice/demo_Display.vhd Line: 52
Warning (10631): VHDL Process Statement warning at demo_Display.vhd(52): inferring latch(es) for signal or variable "s1", which holds its previous value in one or more paths through the process File: H:/My Documents/Downloads/ECE5500/Lab5Practice/demo_Display.vhd Line: 52
Info (10041): Inferred latch for "s1" at demo_Display.vhd(52) File: H:/My Documents/Downloads/ECE5500/Lab5Practice/demo_Display.vhd Line: 52
Info (10041): Inferred latch for "s0" at demo_Display.vhd(52) File: H:/My Documents/Downloads/ECE5500/Lab5Practice/demo_Display.vhd Line: 52
Info (12128): Elaborating entity "fourBitCounter" for hierarchy "fourBitCounter:fourCnt" File: H:/My Documents/Downloads/ECE5500/Lab5Practice/demo_Display.vhd Line: 43
Info (12128): Elaborating entity "twentyBitCounter" for hierarchy "twentyBitCounter:twentyCnt" File: H:/My Documents/Downloads/ECE5500/Lab5Practice/demo_Display.vhd Line: 44
Info (12128): Elaborating entity "tenBitShiftRegister" for hierarchy "tenBitShiftRegister:shiftReg" File: H:/My Documents/Downloads/ECE5500/Lab5Practice/demo_Display.vhd Line: 45
Warning (13012): Latch s1 has unsafe behavior File: H:/My Documents/Downloads/ECE5500/Lab5Practice/demo_Display.vhd Line: 52
    Warning (13013): Ports D and ENA on the latch are fed by the same signal s1 File: H:/My Documents/Downloads/ECE5500/Lab5Practice/demo_Display.vhd Line: 52
Warning (13012): Latch s0 has unsafe behavior File: H:/My Documents/Downloads/ECE5500/Lab5Practice/demo_Display.vhd Line: 52
    Warning (13013): Ports D and ENA on the latch are fed by the same signal s1 File: H:/My Documents/Downloads/ECE5500/Lab5Practice/demo_Display.vhd Line: 52
Info (286030): Timing-Driven Synthesis is running
Info (16010): Generating hard_block partition "hard_block:auto_generated_inst"
    Info (16011): Adding 0 node(s), including 0 DDIO, 0 PLL, 0 transceiver and 0 LCELL
Warning (21074): Design contains 3 input pin(s) that do not drive logic
    Warning (15610): No output dependent on input pin "KEY[1]" File: H:/My Documents/Downloads/ECE5500/Lab5Practice/demo_Display.vhd Line: 12
    Warning (15610): No output dependent on input pin "KEY[2]" File: H:/My Documents/Downloads/ECE5500/Lab5Practice/demo_Display.vhd Line: 12
    Warning (15610): No output dependent on input pin "KEY[3]" File: H:/My Documents/Downloads/ECE5500/Lab5Practice/demo_Display.vhd Line: 12
Info (21057): Implemented 60 device resources after synthesis - the final resource count might be different
    Info (21058): Implemented 5 input pins
    Info (21059): Implemented 10 output pins
    Info (21061): Implemented 45 logic cells
Info: Quartus Prime Analysis & Synthesis was successful. 0 errors, 12 warnings
    Info: Peak virtual memory: 740 megabytes
    Info: Processing ended: Fri Mar 11 10:01:21 2022
    Info: Elapsed time: 00:00:13
    Info: Total CPU time (on all processors): 00:00:21


