Analysis & Synthesis report for digitalClock
Wed Mar 16 15:13:25 2022
Quartus Prime Version 16.1.1 Build 200 11/30/2016 SJ Lite Edition


---------------------
; Table of Contents ;
---------------------
  1. Legal Notice
  2. Analysis & Synthesis Summary
  3. Analysis & Synthesis Settings
  4. Parallel Compilation
  5. Analysis & Synthesis Source Files Read
  6. Analysis & Synthesis Resource Usage Summary
  7. Analysis & Synthesis Resource Utilization by Entity
  8. Registers Removed During Synthesis
  9. General Register Statistics
 10. Inverted Register Statistics
 11. Multiplexer Restructuring Statistics (Restructuring Performed)
 12. Port Connectivity Checks: "fourBitCounter:fourBitCounter2"
 13. Port Connectivity Checks: "fourBitCounter:fourBitCounter1"
 14. Post-Synthesis Netlist Statistics for Top Partition
 15. Elapsed Time Per Partition
 16. Analysis & Synthesis Messages



----------------
; Legal Notice ;
----------------
Copyright (C) 2016  Intel Corporation. All rights reserved.
Your use of Intel Corporation's design tools, logic functions 
and other software and tools, and its AMPP partner logic 
functions, and any output files from any of the foregoing 
(including device programming or simulation files), and any 
associated documentation or information are expressly subject 
to the terms and conditions of the Intel Program License 
Subscription Agreement, the Intel Quartus Prime License Agreement,
the Intel MegaCore Function License Agreement, or other 
applicable license agreement, including, without limitation, 
that your use is for the sole purpose of programming logic 
devices manufactured by Intel and sold by Intel or its 
authorized distributors.  Please refer to the applicable 
agreement for further details.



+-------------------------------------------------------------------------------+
; Analysis & Synthesis Summary                                                  ;
+---------------------------------+---------------------------------------------+
; Analysis & Synthesis Status     ; Successful - Wed Mar 16 15:13:24 2022       ;
; Quartus Prime Version           ; 16.1.1 Build 200 11/30/2016 SJ Lite Edition ;
; Revision Name                   ; digitalClock                                ;
; Top-level Entity Name           ; digitalClock                                ;
; Family                          ; Cyclone V                                   ;
; Logic utilization (in ALMs)     ; N/A                                         ;
; Total registers                 ; 77                                          ;
; Total pins                      ; 63                                          ;
; Total virtual pins              ; 0                                           ;
; Total block memory bits         ; 0                                           ;
; Total DSP Blocks                ; 0                                           ;
; Total HSSI RX PCSs              ; 0                                           ;
; Total HSSI PMA RX Deserializers ; 0                                           ;
; Total HSSI TX PCSs              ; 0                                           ;
; Total HSSI PMA TX Serializers   ; 0                                           ;
; Total PLLs                      ; 0                                           ;
; Total DLLs                      ; 0                                           ;
+---------------------------------+---------------------------------------------+


+---------------------------------------------------------------------------------------------------------------------------+
; Analysis & Synthesis Settings                                                                                             ;
+---------------------------------------------------------------------------------+--------------------+--------------------+
; Option                                                                          ; Setting            ; Default Value      ;
+---------------------------------------------------------------------------------+--------------------+--------------------+
; Device                                                                          ; 5CSEMA5F31C6       ;                    ;
; Top-level entity name                                                           ; digitalClock       ; digitalClock       ;
; Family name                                                                     ; Cyclone V          ; Cyclone V          ;
; Use smart compilation                                                           ; Off                ; Off                ;
; Enable parallel Assembler and TimeQuest Timing Analyzer during compilation      ; On                 ; On                 ;
; Enable compact report table                                                     ; Off                ; Off                ;
; Restructure Multiplexers                                                        ; Auto               ; Auto               ;
; MLAB Add Timing Constraints For Mixed-Port Feed-Through Mode Setting Don't Care ; Off                ; Off                ;
; Create Debugging Nodes for IP Cores                                             ; Off                ; Off                ;
; Preserve fewer node names                                                       ; On                 ; On                 ;
; OpenCore Plus hardware evaluation                                               ; Enable             ; Enable             ;
; Verilog Version                                                                 ; Verilog_2001       ; Verilog_2001       ;
; VHDL Version                                                                    ; VHDL_1993          ; VHDL_1993          ;
; State Machine Processing                                                        ; Auto               ; Auto               ;
; Safe State Machine                                                              ; Off                ; Off                ;
; Extract Verilog State Machines                                                  ; On                 ; On                 ;
; Extract VHDL State Machines                                                     ; On                 ; On                 ;
; Ignore Verilog initial constructs                                               ; Off                ; Off                ;
; Iteration limit for constant Verilog loops                                      ; 5000               ; 5000               ;
; Iteration limit for non-constant Verilog loops                                  ; 250                ; 250                ;
; Add Pass-Through Logic to Inferred RAMs                                         ; On                 ; On                 ;
; Infer RAMs from Raw Logic                                                       ; On                 ; On                 ;
; Parallel Synthesis                                                              ; On                 ; On                 ;
; DSP Block Balancing                                                             ; Auto               ; Auto               ;
; NOT Gate Push-Back                                                              ; On                 ; On                 ;
; Power-Up Don't Care                                                             ; On                 ; On                 ;
; Remove Redundant Logic Cells                                                    ; Off                ; Off                ;
; Remove Duplicate Registers                                                      ; On                 ; On                 ;
; Ignore CARRY Buffers                                                            ; Off                ; Off                ;
; Ignore CASCADE Buffers                                                          ; Off                ; Off                ;
; Ignore GLOBAL Buffers                                                           ; Off                ; Off                ;
; Ignore ROW GLOBAL Buffers                                                       ; Off                ; Off                ;
; Ignore LCELL Buffers                                                            ; Off                ; Off                ;
; Ignore SOFT Buffers                                                             ; On                 ; On                 ;
; Limit AHDL Integers to 32 Bits                                                  ; Off                ; Off                ;
; Optimization Technique                                                          ; Balanced           ; Balanced           ;
; Carry Chain Length                                                              ; 70                 ; 70                 ;
; Auto Carry Chains                                                               ; On                 ; On                 ;
; Auto Open-Drain Pins                                                            ; On                 ; On                 ;
; Perform WYSIWYG Primitive Resynthesis                                           ; Off                ; Off                ;
; Auto ROM Replacement                                                            ; On                 ; On                 ;
; Auto RAM Replacement                                                            ; On                 ; On                 ;
; Auto DSP Block Replacement                                                      ; On                 ; On                 ;
; Auto Shift Register Replacement                                                 ; Auto               ; Auto               ;
; Allow Shift Register Merging across Hierarchies                                 ; Auto               ; Auto               ;
; Auto Clock Enable Replacement                                                   ; On                 ; On                 ;
; Strict RAM Replacement                                                          ; Off                ; Off                ;
; Allow Synchronous Control Signals                                               ; On                 ; On                 ;
; Force Use of Synchronous Clear Signals                                          ; Off                ; Off                ;
; Auto Resource Sharing                                                           ; Off                ; Off                ;
; Allow Any RAM Size For Recognition                                              ; Off                ; Off                ;
; Allow Any ROM Size For Recognition                                              ; Off                ; Off                ;
; Allow Any Shift Register Size For Recognition                                   ; Off                ; Off                ;
; Use LogicLock Constraints during Resource Balancing                             ; On                 ; On                 ;
; Ignore translate_off and synthesis_off directives                               ; Off                ; Off                ;
; Timing-Driven Synthesis                                                         ; On                 ; On                 ;
; Report Parameter Settings                                                       ; On                 ; On                 ;
; Report Source Assignments                                                       ; On                 ; On                 ;
; Report Connectivity Checks                                                      ; On                 ; On                 ;
; Ignore Maximum Fan-Out Assignments                                              ; Off                ; Off                ;
; Synchronization Register Chain Length                                           ; 3                  ; 3                  ;
; PowerPlay Power Optimization During Synthesis                                   ; Normal compilation ; Normal compilation ;
; HDL message level                                                               ; Level2             ; Level2             ;
; Suppress Register Optimization Related Messages                                 ; Off                ; Off                ;
; Number of Removed Registers Reported in Synthesis Report                        ; 5000               ; 5000               ;
; Number of Swept Nodes Reported in Synthesis Report                              ; 5000               ; 5000               ;
; Number of Inverted Registers Reported in Synthesis Report                       ; 100                ; 100                ;
; Clock MUX Protection                                                            ; On                 ; On                 ;
; Auto Gated Clock Conversion                                                     ; Off                ; Off                ;
; Block Design Naming                                                             ; Auto               ; Auto               ;
; SDC constraint protection                                                       ; Off                ; Off                ;
; Synthesis Effort                                                                ; Auto               ; Auto               ;
; Shift Register Replacement - Allow Asynchronous Clear Signal                    ; On                 ; On                 ;
; Pre-Mapping Resynthesis Optimization                                            ; Off                ; Off                ;
; Analysis & Synthesis Message Level                                              ; Medium             ; Medium             ;
; Disable Register Merging Across Hierarchies                                     ; Auto               ; Auto               ;
; Resource Aware Inference For Block RAM                                          ; On                 ; On                 ;
; Automatic Parallel Synthesis                                                    ; On                 ; On                 ;
; Partial Reconfiguration Bitstream ID                                            ; Off                ; Off                ;
+---------------------------------------------------------------------------------+--------------------+--------------------+


+------------------------------------------+
; Parallel Compilation                     ;
+----------------------------+-------------+
; Processors                 ; Number      ;
+----------------------------+-------------+
; Number detected on machine ; 4           ;
; Maximum allowed            ; 4           ;
;                            ;             ;
; Average used               ; 1.00        ;
; Maximum used               ; 4           ;
;                            ;             ;
; Usage by Processor         ; % Time Used ;
;     Processor 1            ; 100.0%      ;
;     Processor 2            ;   0.0%      ;
;     Processors 3-4         ;   0.0%      ;
+----------------------------+-------------+


+-------------------------------------------------------------------------------------------------------------------------------------------------+
; Analysis & Synthesis Source Files Read                                                                                                          ;
+----------------------------------+-----------------+-----------------+----------------------------------------------------------------+---------+
; File Name with User-Entered Path ; Used in Netlist ; File Type       ; File Name with Absolute Path                                   ; Library ;
+----------------------------------+-----------------+-----------------+----------------------------------------------------------------+---------+
; twentySixBitCounter.vhd          ; yes             ; User VHDL File  ; H:/My Documents/Downloads/ECE5500/Lab6/twentySixBitCounter.vhd ;         ;
; fourBitCounter.vhd               ; yes             ; User VHDL File  ; H:/My Documents/Downloads/ECE5500/Lab6/fourBitCounter.vhd      ;         ;
; sevenSegment.vhd                 ; yes             ; User VHDL File  ; H:/My Documents/Downloads/ECE5500/Lab6/sevenSegment.vhd        ;         ;
; digitalClock.vhd                 ; yes             ; User VHDL File  ; H:/My Documents/Downloads/ECE5500/Lab6/digitalClock.vhd        ;         ;
+----------------------------------+-----------------+-----------------+----------------------------------------------------------------+---------+


+------------------------------------------------------------------------------------------------+
; Analysis & Synthesis Resource Usage Summary                                                    ;
+---------------------------------------------+--------------------------------------------------+
; Resource                                    ; Usage                                            ;
+---------------------------------------------+--------------------------------------------------+
; Estimate of Logic utilization (ALMs needed) ; 91                                               ;
;                                             ;                                                  ;
; Combinational ALUT usage for logic          ; 166                                              ;
;     -- 7 input functions                    ; 0                                                ;
;     -- 6 input functions                    ; 15                                               ;
;     -- 5 input functions                    ; 14                                               ;
;     -- 4 input functions                    ; 79                                               ;
;     -- <=3 input functions                  ; 58                                               ;
;                                             ;                                                  ;
; Dedicated logic registers                   ; 77                                               ;
;                                             ;                                                  ;
; I/O pins                                    ; 63                                               ;
;                                             ;                                                  ;
; Total DSP Blocks                            ; 0                                                ;
;                                             ;                                                  ;
; Maximum fan-out node                        ; twentySixBitCounter:twentySixBitCounter1|reached ;
; Maximum fan-out                             ; 50                                               ;
; Total fan-out                               ; 975                                              ;
; Average fan-out                             ; 2.64                                             ;
+---------------------------------------------+--------------------------------------------------+


+------------------------------------------------------------------------------------------------------------------------------------------------------------------------------------------------------------------------------------------------------+
; Analysis & Synthesis Resource Utilization by Entity                                                                                                                                                                                                  ;
+-----------------------------------------------+---------------------+---------------------------+-------------------+------------+------+--------------+--------------------------------------------------------+---------------------+--------------+
; Compilation Hierarchy Node                    ; Combinational ALUTs ; Dedicated Logic Registers ; Block Memory Bits ; DSP Blocks ; Pins ; Virtual Pins ; Full Hierarchy Name                                    ; Entity Name         ; Library Name ;
+-----------------------------------------------+---------------------+---------------------------+-------------------+------------+------+--------------+--------------------------------------------------------+---------------------+--------------+
; |digitalClock                                 ; 166 (63)            ; 77 (26)                   ; 0                 ; 0          ; 63   ; 0            ; |digitalClock                                          ; digitalClock        ; work         ;
;    |fourBitCounter:fourBitCounter1|           ; 4 (4)               ; 4 (4)                     ; 0                 ; 0          ; 0    ; 0            ; |digitalClock|fourBitCounter:fourBitCounter1           ; fourBitCounter      ; work         ;
;    |fourBitCounter:fourBitCounter2|           ; 4 (4)               ; 4 (4)                     ; 0                 ; 0          ; 0    ; 0            ; |digitalClock|fourBitCounter:fourBitCounter2           ; fourBitCounter      ; work         ;
;    |fourBitCounter:fourBitCounter3|           ; 6 (6)               ; 4 (4)                     ; 0                 ; 0          ; 0    ; 0            ; |digitalClock|fourBitCounter:fourBitCounter3           ; fourBitCounter      ; work         ;
;    |fourBitCounter:fourBitCounter4|           ; 5 (5)               ; 4 (4)                     ; 0                 ; 0          ; 0    ; 0            ; |digitalClock|fourBitCounter:fourBitCounter4           ; fourBitCounter      ; work         ;
;    |fourBitCounter:fourBitCounter5|           ; 6 (6)               ; 4 (4)                     ; 0                 ; 0          ; 0    ; 0            ; |digitalClock|fourBitCounter:fourBitCounter5           ; fourBitCounter      ; work         ;
;    |fourBitCounter:fourBitCounter6|           ; 5 (5)               ; 4 (4)                     ; 0                 ; 0          ; 0    ; 0            ; |digitalClock|fourBitCounter:fourBitCounter6           ; fourBitCounter      ; work         ;
;    |sevenSegment:sevenSegment1|               ; 7 (7)               ; 0 (0)                     ; 0                 ; 0          ; 0    ; 0            ; |digitalClock|sevenSegment:sevenSegment1               ; sevenSegment        ; work         ;
;    |sevenSegment:sevenSegment2|               ; 7 (7)               ; 0 (0)                     ; 0                 ; 0          ; 0    ; 0            ; |digitalClock|sevenSegment:sevenSegment2               ; sevenSegment        ; work         ;
;    |sevenSegment:sevenSegment3|               ; 7 (7)               ; 0 (0)                     ; 0                 ; 0          ; 0    ; 0            ; |digitalClock|sevenSegment:sevenSegment3               ; sevenSegment        ; work         ;
;    |sevenSegment:sevenSegment4|               ; 7 (7)               ; 0 (0)                     ; 0                 ; 0          ; 0    ; 0            ; |digitalClock|sevenSegment:sevenSegment4               ; sevenSegment        ; work         ;
;    |sevenSegment:sevenSegment5|               ; 7 (7)               ; 0 (0)                     ; 0                 ; 0          ; 0    ; 0            ; |digitalClock|sevenSegment:sevenSegment5               ; sevenSegment        ; work         ;
;    |sevenSegment:sevenSegment6|               ; 7 (7)               ; 0 (0)                     ; 0                 ; 0          ; 0    ; 0            ; |digitalClock|sevenSegment:sevenSegment6               ; sevenSegment        ; work         ;
;    |twentySixBitCounter:twentySixBitCounter1| ; 31 (31)             ; 27 (27)                   ; 0                 ; 0          ; 0    ; 0            ; |digitalClock|twentySixBitCounter:twentySixBitCounter1 ; twentySixBitCounter ; work         ;
+-----------------------------------------------+---------------------+---------------------------+-------------------+------------+------+--------------+--------------------------------------------------------+---------------------+--------------+
Note: For table entries with two numbers listed, the numbers in parentheses indicate the number of resources of the given type used by the specific entity alone. The numbers listed outside of parentheses indicate the total resources of the given type used by the specific entity and all of its sub-entities in the hierarchy.


+--------------------------------------------------------------------------------+
; Registers Removed During Synthesis                                             ;
+---------------------------------------+----------------------------------------+
; Register name                         ; Reason for Removal                     ;
+---------------------------------------+----------------------------------------+
; incHex0Count                          ; Stuck at VCC due to stuck port data_in ;
; enable3                               ; Merged with enable2                    ;
; enable5                               ; Merged with enable4                    ;
; switchValue3[3]                       ; Stuck at GND due to stuck port data_in ;
; switchValue5[2,3]                     ; Stuck at GND due to stuck port data_in ;
; Total Number of Removed Registers = 6 ;                                        ;
+---------------------------------------+----------------------------------------+


+------------------------------------------------------+
; General Register Statistics                          ;
+----------------------------------------------+-------+
; Statistic                                    ; Value ;
+----------------------------------------------+-------+
; Total registers                              ; 77    ;
; Number of registers using Synchronous Clear  ; 26    ;
; Number of registers using Synchronous Load   ; 0     ;
; Number of registers using Asynchronous Clear ; 48    ;
; Number of registers using Asynchronous Load  ; 0     ;
; Number of registers using Clock Enable       ; 24    ;
; Number of registers using Preset             ; 0     ;
+----------------------------------------------+-------+


+--------------------------------------------------+
; Inverted Register Statistics                     ;
+----------------------------------------+---------+
; Inverted Register                      ; Fan out ;
+----------------------------------------+---------+
; resetHex0                              ; 4       ;
; resetHex1                              ; 4       ;
; resetHex2                              ; 5       ;
; enable2                                ; 8       ;
; resetHex3                              ; 5       ;
; resetHex4                              ; 5       ;
; enable4                                ; 8       ;
; resetHex5                              ; 5       ;
; Total number of inverted registers = 8 ;         ;
+----------------------------------------+---------+


+-------------------------------------------------------------------------------------------------------------------------------------------------------------------------+
; Multiplexer Restructuring Statistics (Restructuring Performed)                                                                                                          ;
+--------------------+-----------+---------------+----------------------+------------------------+------------+-----------------------------------------------------------+
; Multiplexer Inputs ; Bus Width ; Baseline Area ; Area if Restructured ; Saving if Restructured ; Registered ; Example Multiplexer Output                                ;
+--------------------+-----------+---------------+----------------------+------------------------+------------+-----------------------------------------------------------+
; 3:1                ; 4 bits    ; 8 LEs         ; 8 LEs                ; 0 LEs                  ; Yes        ; |digitalClock|fourBitCounter:fourBitCounter3|tempCount[3] ;
; 3:1                ; 4 bits    ; 8 LEs         ; 8 LEs                ; 0 LEs                  ; Yes        ; |digitalClock|fourBitCounter:fourBitCounter4|tempCount[3] ;
; 3:1                ; 4 bits    ; 8 LEs         ; 8 LEs                ; 0 LEs                  ; Yes        ; |digitalClock|fourBitCounter:fourBitCounter5|tempCount[0] ;
; 3:1                ; 4 bits    ; 8 LEs         ; 8 LEs                ; 0 LEs                  ; Yes        ; |digitalClock|fourBitCounter:fourBitCounter6|tempCount[1] ;
+--------------------+-----------+---------------+----------------------+------------------------+------------+-----------------------------------------------------------+


+------------------------------------------------------------+
; Port Connectivity Checks: "fourBitCounter:fourBitCounter2" ;
+-------------+-------+----------+---------------------------+
; Port        ; Type  ; Severity ; Details                   ;
+-------------+-------+----------+---------------------------+
; enable      ; Input ; Info     ; Stuck at GND              ;
; switchvalue ; Input ; Info     ; Stuck at GND              ;
+-------------+-------+----------+---------------------------+


+------------------------------------------------------------+
; Port Connectivity Checks: "fourBitCounter:fourBitCounter1" ;
+-------------+-------+----------+---------------------------+
; Port        ; Type  ; Severity ; Details                   ;
+-------------+-------+----------+---------------------------+
; enable      ; Input ; Info     ; Stuck at GND              ;
; switchvalue ; Input ; Info     ; Stuck at GND              ;
+-------------+-------+----------+---------------------------+


+-----------------------------------------------------+
; Post-Synthesis Netlist Statistics for Top Partition ;
+-----------------------+-----------------------------+
; Type                  ; Count                       ;
+-----------------------+-----------------------------+
; arriav_ff             ; 77                          ;
;     CLR               ; 3                           ;
;     CLR SCLR          ; 26                          ;
;     ENA               ; 5                           ;
;     ENA CLR           ; 19                          ;
;     plain             ; 24                          ;
; arriav_lcell_comb     ; 172                         ;
;     arith             ; 26                          ;
;         1 data inputs ; 26                          ;
;     normal            ; 146                         ;
;         1 data inputs ; 7                           ;
;         2 data inputs ; 9                           ;
;         3 data inputs ; 22                          ;
;         4 data inputs ; 79                          ;
;         5 data inputs ; 14                          ;
;         6 data inputs ; 15                          ;
; boundary_port         ; 63                          ;
;                       ;                             ;
; Max LUT depth         ; 4.00                        ;
; Average LUT depth     ; 2.28                        ;
+-----------------------+-----------------------------+


+-------------------------------+
; Elapsed Time Per Partition    ;
+----------------+--------------+
; Partition Name ; Elapsed Time ;
+----------------+--------------+
; Top            ; 00:00:00     ;
+----------------+--------------+


+-------------------------------+
; Analysis & Synthesis Messages ;
+-------------------------------+
Info: *******************************************************************
Info: Running Quartus Prime Analysis & Synthesis
    Info: Version 16.1.1 Build 200 11/30/2016 SJ Lite Edition
    Info: Processing started: Wed Mar 16 15:13:11 2022
Info: Command: quartus_map --read_settings_files=on --write_settings_files=off digitalClock -c digitalClock
Warning (18236): Number of processors has not been specified which may cause overloading on shared machines.  Set the global assignment NUM_PARALLEL_PROCESSORS in your QSF to an appropriate value for best performance.
Info (20030): Parallel compilation is enabled and will use 4 of the 4 processors detected
Info (12021): Found 2 design units, including 1 entities, in source file twentysixbitcounter.vhd
    Info (12022): Found design unit 1: twentySixBitCounter-Structure File: H:/My Documents/Downloads/ECE5500/Lab6/twentySixBitCounter.vhd Line: 11
    Info (12023): Found entity 1: twentySixBitCounter File: H:/My Documents/Downloads/ECE5500/Lab6/twentySixBitCounter.vhd Line: 6
Info (12021): Found 2 design units, including 1 entities, in source file fourbitcounter.vhd
    Info (12022): Found design unit 1: fourBitCounter-Structure File: H:/My Documents/Downloads/ECE5500/Lab6/fourBitCounter.vhd Line: 14
    Info (12023): Found entity 1: fourBitCounter File: H:/My Documents/Downloads/ECE5500/Lab6/fourBitCounter.vhd Line: 6
Info (12021): Found 2 design units, including 1 entities, in source file sevensegment.vhd
    Info (12022): Found design unit 1: sevenSegment-Structure File: H:/My Documents/Downloads/ECE5500/Lab6/sevenSegment.vhd Line: 9
    Info (12023): Found entity 1: sevenSegment File: H:/My Documents/Downloads/ECE5500/Lab6/sevenSegment.vhd Line: 4
Info (12021): Found 2 design units, including 1 entities, in source file digitalclock.vhd
    Info (12022): Found design unit 1: digitalClock-Structure File: H:/My Documents/Downloads/ECE5500/Lab6/digitalClock.vhd Line: 16
    Info (12023): Found entity 1: digitalClock File: H:/My Documents/Downloads/ECE5500/Lab6/digitalClock.vhd Line: 6
Info (12127): Elaborating entity "digitalClock" for the top level hierarchy
Warning (10492): VHDL Process Statement warning at digitalClock.vhd(65): signal "SW" is read inside the Process Statement but isn't in the Process Statement's sensitivity list File: H:/My Documents/Downloads/ECE5500/Lab6/digitalClock.vhd Line: 65
Warning (10492): VHDL Process Statement warning at digitalClock.vhd(66): signal "KEY" is read inside the Process Statement but isn't in the Process Statement's sensitivity list File: H:/My Documents/Downloads/ECE5500/Lab6/digitalClock.vhd Line: 66
Warning (10492): VHDL Process Statement warning at digitalClock.vhd(75): signal "KEY" is read inside the Process Statement but isn't in the Process Statement's sensitivity list File: H:/My Documents/Downloads/ECE5500/Lab6/digitalClock.vhd Line: 75
Warning (10492): VHDL Process Statement warning at digitalClock.vhd(82): signal "SW" is read inside the Process Statement but isn't in the Process Statement's sensitivity list File: H:/My Documents/Downloads/ECE5500/Lab6/digitalClock.vhd Line: 82
Warning (10492): VHDL Process Statement warning at digitalClock.vhd(83): signal "SW" is read inside the Process Statement but isn't in the Process Statement's sensitivity list File: H:/My Documents/Downloads/ECE5500/Lab6/digitalClock.vhd Line: 83
Warning (10492): VHDL Process Statement warning at digitalClock.vhd(84): signal "SW" is read inside the Process Statement but isn't in the Process Statement's sensitivity list File: H:/My Documents/Downloads/ECE5500/Lab6/digitalClock.vhd Line: 84
Warning (10492): VHDL Process Statement warning at digitalClock.vhd(86): signal "SW" is read inside the Process Statement but isn't in the Process Statement's sensitivity list File: H:/My Documents/Downloads/ECE5500/Lab6/digitalClock.vhd Line: 86
Warning (10492): VHDL Process Statement warning at digitalClock.vhd(87): signal "SW" is read inside the Process Statement but isn't in the Process Statement's sensitivity list File: H:/My Documents/Downloads/ECE5500/Lab6/digitalClock.vhd Line: 87
Warning (10492): VHDL Process Statement warning at digitalClock.vhd(88): signal "SW" is read inside the Process Statement but isn't in the Process Statement's sensitivity list File: H:/My Documents/Downloads/ECE5500/Lab6/digitalClock.vhd Line: 88
Warning (10492): VHDL Process Statement warning at digitalClock.vhd(96): signal "KEY" is read inside the Process Statement but isn't in the Process Statement's sensitivity list File: H:/My Documents/Downloads/ECE5500/Lab6/digitalClock.vhd Line: 96
Warning (10492): VHDL Process Statement warning at digitalClock.vhd(103): signal "SW" is read inside the Process Statement but isn't in the Process Statement's sensitivity list File: H:/My Documents/Downloads/ECE5500/Lab6/digitalClock.vhd Line: 103
Warning (10492): VHDL Process Statement warning at digitalClock.vhd(104): signal "SW" is read inside the Process Statement but isn't in the Process Statement's sensitivity list File: H:/My Documents/Downloads/ECE5500/Lab6/digitalClock.vhd Line: 104
Warning (10492): VHDL Process Statement warning at digitalClock.vhd(109): signal "SW" is read inside the Process Statement but isn't in the Process Statement's sensitivity list File: H:/My Documents/Downloads/ECE5500/Lab6/digitalClock.vhd Line: 109
Warning (10492): VHDL Process Statement warning at digitalClock.vhd(110): signal "SW" is read inside the Process Statement but isn't in the Process Statement's sensitivity list File: H:/My Documents/Downloads/ECE5500/Lab6/digitalClock.vhd Line: 110
Info (12128): Elaborating entity "twentySixBitCounter" for hierarchy "twentySixBitCounter:twentySixBitCounter1" File: H:/My Documents/Downloads/ECE5500/Lab6/digitalClock.vhd Line: 44
Info (12128): Elaborating entity "fourBitCounter" for hierarchy "fourBitCounter:fourBitCounter1" File: H:/My Documents/Downloads/ECE5500/Lab6/digitalClock.vhd Line: 47
Info (12128): Elaborating entity "sevenSegment" for hierarchy "sevenSegment:sevenSegment1" File: H:/My Documents/Downloads/ECE5500/Lab6/digitalClock.vhd Line: 55
Warning (13004): Presettable and clearable registers converted to equivalent circuits with latches. Registers power-up to an undefined state, and DEVCLRn places the registers in an undefined state.
    Warning (13310): Register "switchValue2[0]" is converted into an equivalent circuit using register "switchValue2[0]~_emulated" and latch "switchValue2[0]~1" File: H:/My Documents/Downloads/ECE5500/Lab6/digitalClock.vhd Line: 116
    Warning (13310): Register "switchValue2[1]" is converted into an equivalent circuit using register "switchValue2[1]~_emulated" and latch "switchValue2[1]~5" File: H:/My Documents/Downloads/ECE5500/Lab6/digitalClock.vhd Line: 116
    Warning (13310): Register "switchValue2[2]" is converted into an equivalent circuit using register "switchValue2[2]~_emulated" and latch "switchValue2[2]~9" File: H:/My Documents/Downloads/ECE5500/Lab6/digitalClock.vhd Line: 116
    Warning (13310): Register "switchValue2[3]" is converted into an equivalent circuit using register "switchValue2[3]~_emulated" and latch "switchValue2[3]~13" File: H:/My Documents/Downloads/ECE5500/Lab6/digitalClock.vhd Line: 116
    Warning (13310): Register "switchValue3[0]" is converted into an equivalent circuit using register "switchValue3[0]~_emulated" and latch "switchValue3[0]~1" File: H:/My Documents/Downloads/ECE5500/Lab6/digitalClock.vhd Line: 116
    Warning (13310): Register "switchValue3[1]" is converted into an equivalent circuit using register "switchValue3[1]~_emulated" and latch "switchValue3[1]~5" File: H:/My Documents/Downloads/ECE5500/Lab6/digitalClock.vhd Line: 116
    Warning (13310): Register "switchValue3[2]" is converted into an equivalent circuit using register "switchValue3[2]~_emulated" and latch "switchValue3[2]~9" File: H:/My Documents/Downloads/ECE5500/Lab6/digitalClock.vhd Line: 116
    Warning (13310): Register "switchValue4[0]" is converted into an equivalent circuit using register "switchValue4[0]~_emulated" and latch "switchValue4[0]~1" File: H:/My Documents/Downloads/ECE5500/Lab6/digitalClock.vhd Line: 116
    Warning (13310): Register "switchValue4[1]" is converted into an equivalent circuit using register "switchValue4[1]~_emulated" and latch "switchValue4[1]~5" File: H:/My Documents/Downloads/ECE5500/Lab6/digitalClock.vhd Line: 116
    Warning (13310): Register "switchValue4[2]" is converted into an equivalent circuit using register "switchValue4[2]~_emulated" and latch "switchValue4[2]~9" File: H:/My Documents/Downloads/ECE5500/Lab6/digitalClock.vhd Line: 116
    Warning (13310): Register "switchValue4[3]" is converted into an equivalent circuit using register "switchValue4[3]~_emulated" and latch "switchValue4[3]~13" File: H:/My Documents/Downloads/ECE5500/Lab6/digitalClock.vhd Line: 116
    Warning (13310): Register "switchValue5[0]" is converted into an equivalent circuit using register "switchValue5[0]~_emulated" and latch "switchValue5[0]~1" File: H:/My Documents/Downloads/ECE5500/Lab6/digitalClock.vhd Line: 116
    Warning (13310): Register "switchValue5[1]" is converted into an equivalent circuit using register "switchValue5[1]~_emulated" and latch "switchValue5[1]~5" File: H:/My Documents/Downloads/ECE5500/Lab6/digitalClock.vhd Line: 116
Info (286030): Timing-Driven Synthesis is running
Info (16010): Generating hard_block partition "hard_block:auto_generated_inst"
    Info (16011): Adding 0 node(s), including 0 DDIO, 0 PLL, 0 transceiver and 0 LCELL
Warning (21074): Design contains 1 input pin(s) that do not drive logic
    Warning (15610): No output dependent on input pin "KEY[1]" File: H:/My Documents/Downloads/ECE5500/Lab6/digitalClock.vhd Line: 7
Info (21057): Implemented 246 device resources after synthesis - the final resource count might be different
    Info (21058): Implemented 13 input pins
    Info (21059): Implemented 50 output pins
    Info (21061): Implemented 183 logic cells
Info: Quartus Prime Analysis & Synthesis was successful. 0 errors, 31 warnings
    Info: Peak virtual memory: 743 megabytes
    Info: Processing ended: Wed Mar 16 15:13:25 2022
    Info: Elapsed time: 00:00:14
    Info: Total CPU time (on all processors): 00:00:25


