Analysis & Synthesis report for trafficLight
Thu Mar 31 19:09:46 2022
Quartus Prime Version 16.1.1 Build 200 11/30/2016 SJ Lite Edition


---------------------
; Table of Contents ;
---------------------
  1. Legal Notice
  2. Analysis & Synthesis Summary
  3. Analysis & Synthesis Settings
  4. Parallel Compilation
  5. Analysis & Synthesis Source Files Read
  6. Analysis & Synthesis Resource Usage Summary
  7. Analysis & Synthesis Resource Utilization by Entity
  8. State Machine - |trafficLight|traffic_lights_state
  9. General Register Statistics
 10. Inverted Register Statistics
 11. Multiplexer Restructuring Statistics (Restructuring Performed)
 12. Port Connectivity Checks: "sevenSegment:HexValues6"
 13. Port Connectivity Checks: "sevenSegment:HexValues5"
 14. Port Connectivity Checks: "sevenSegment:HexValues4"
 15. Port Connectivity Checks: "sevenSegment:HexValues3"
 16. Port Connectivity Checks: "fiveBitCounter:counttewntySecond"
 17. Port Connectivity Checks: "twentySixBitCounter:twentySixBitCounter1"
 18. Post-Synthesis Netlist Statistics for Top Partition
 19. Elapsed Time Per Partition
 20. Analysis & Synthesis Messages



----------------
; Legal Notice ;
----------------
Copyright (C) 2016  Intel Corporation. All rights reserved.
Your use of Intel Corporation's design tools, logic functions 
and other software and tools, and its AMPP partner logic 
functions, and any output files from any of the foregoing 
(including device programming or simulation files), and any 
associated documentation or information are expressly subject 
to the terms and conditions of the Intel Program License 
Subscription Agreement, the Intel Quartus Prime License Agreement,
the Intel MegaCore Function License Agreement, or other 
applicable license agreement, including, without limitation, 
that your use is for the sole purpose of programming logic 
devices manufactured by Intel and sold by Intel or its 
authorized distributors.  Please refer to the applicable 
agreement for further details.



+-------------------------------------------------------------------------------+
; Analysis & Synthesis Summary                                                  ;
+---------------------------------+---------------------------------------------+
; Analysis & Synthesis Status     ; Successful - Thu Mar 31 19:09:46 2022       ;
; Quartus Prime Version           ; 16.1.1 Build 200 11/30/2016 SJ Lite Edition ;
; Revision Name                   ; trafficLight                                ;
; Top-level Entity Name           ; trafficLight                                ;
; Family                          ; Cyclone V                                   ;
; Logic utilization (in ALMs)     ; N/A                                         ;
; Total registers                 ; 57                                          ;
; Total pins                      ; 56                                          ;
; Total virtual pins              ; 0                                           ;
; Total block memory bits         ; 0                                           ;
; Total DSP Blocks                ; 0                                           ;
; Total HSSI RX PCSs              ; 0                                           ;
; Total HSSI PMA RX Deserializers ; 0                                           ;
; Total HSSI TX PCSs              ; 0                                           ;
; Total HSSI PMA TX Serializers   ; 0                                           ;
; Total PLLs                      ; 0                                           ;
; Total DLLs                      ; 0                                           ;
+---------------------------------+---------------------------------------------+


+---------------------------------------------------------------------------------------------------------------------------+
; Analysis & Synthesis Settings                                                                                             ;
+---------------------------------------------------------------------------------+--------------------+--------------------+
; Option                                                                          ; Setting            ; Default Value      ;
+---------------------------------------------------------------------------------+--------------------+--------------------+
; Device                                                                          ; 5CSEMA5F31C6       ;                    ;
; Top-level entity name                                                           ; trafficLight       ; trafficLight       ;
; Family name                                                                     ; Cyclone V          ; Cyclone V          ;
; Use smart compilation                                                           ; Off                ; Off                ;
; Enable parallel Assembler and TimeQuest Timing Analyzer during compilation      ; On                 ; On                 ;
; Enable compact report table                                                     ; Off                ; Off                ;
; Restructure Multiplexers                                                        ; Auto               ; Auto               ;
; MLAB Add Timing Constraints For Mixed-Port Feed-Through Mode Setting Don't Care ; Off                ; Off                ;
; Create Debugging Nodes for IP Cores                                             ; Off                ; Off                ;
; Preserve fewer node names                                                       ; On                 ; On                 ;
; OpenCore Plus hardware evaluation                                               ; Enable             ; Enable             ;
; Verilog Version                                                                 ; Verilog_2001       ; Verilog_2001       ;
; VHDL Version                                                                    ; VHDL_1993          ; VHDL_1993          ;
; State Machine Processing                                                        ; Auto               ; Auto               ;
; Safe State Machine                                                              ; Off                ; Off                ;
; Extract Verilog State Machines                                                  ; On                 ; On                 ;
; Extract VHDL State Machines                                                     ; On                 ; On                 ;
; Ignore Verilog initial constructs                                               ; Off                ; Off                ;
; Iteration limit for constant Verilog loops                                      ; 5000               ; 5000               ;
; Iteration limit for non-constant Verilog loops                                  ; 250                ; 250                ;
; Add Pass-Through Logic to Inferred RAMs                                         ; On                 ; On                 ;
; Infer RAMs from Raw Logic                                                       ; On                 ; On                 ;
; Parallel Synthesis                                                              ; On                 ; On                 ;
; DSP Block Balancing                                                             ; Auto               ; Auto               ;
; NOT Gate Push-Back                                                              ; On                 ; On                 ;
; Power-Up Don't Care                                                             ; On                 ; On                 ;
; Remove Redundant Logic Cells                                                    ; Off                ; Off                ;
; Remove Duplicate Registers                                                      ; On                 ; On                 ;
; Ignore CARRY Buffers                                                            ; Off                ; Off                ;
; Ignore CASCADE Buffers                                                          ; Off                ; Off                ;
; Ignore GLOBAL Buffers                                                           ; Off                ; Off                ;
; Ignore ROW GLOBAL Buffers                                                       ; Off                ; Off                ;
; Ignore LCELL Buffers                                                            ; Off                ; Off                ;
; Ignore SOFT Buffers                                                             ; On                 ; On                 ;
; Limit AHDL Integers to 32 Bits                                                  ; Off                ; Off                ;
; Optimization Technique                                                          ; Balanced           ; Balanced           ;
; Carry Chain Length                                                              ; 70                 ; 70                 ;
; Auto Carry Chains                                                               ; On                 ; On                 ;
; Auto Open-Drain Pins                                                            ; On                 ; On                 ;
; Perform WYSIWYG Primitive Resynthesis                                           ; Off                ; Off                ;
; Auto ROM Replacement                                                            ; On                 ; On                 ;
; Auto RAM Replacement                                                            ; On                 ; On                 ;
; Auto DSP Block Replacement                                                      ; On                 ; On                 ;
; Auto Shift Register Replacement                                                 ; Auto               ; Auto               ;
; Allow Shift Register Merging across Hierarchies                                 ; Auto               ; Auto               ;
; Auto Clock Enable Replacement                                                   ; On                 ; On                 ;
; Strict RAM Replacement                                                          ; Off                ; Off                ;
; Allow Synchronous Control Signals                                               ; On                 ; On                 ;
; Force Use of Synchronous Clear Signals                                          ; Off                ; Off                ;
; Auto Resource Sharing                                                           ; Off                ; Off                ;
; Allow Any RAM Size For Recognition                                              ; Off                ; Off                ;
; Allow Any ROM Size For Recognition                                              ; Off                ; Off                ;
; Allow Any Shift Register Size For Recognition                                   ; Off                ; Off                ;
; Use LogicLock Constraints during Resource Balancing                             ; On                 ; On                 ;
; Ignore translate_off and synthesis_off directives                               ; Off                ; Off                ;
; Timing-Driven Synthesis                                                         ; On                 ; On                 ;
; Report Parameter Settings                                                       ; On                 ; On                 ;
; Report Source Assignments                                                       ; On                 ; On                 ;
; Report Connectivity Checks                                                      ; On                 ; On                 ;
; Ignore Maximum Fan-Out Assignments                                              ; Off                ; Off                ;
; Synchronization Register Chain Length                                           ; 3                  ; 3                  ;
; PowerPlay Power Optimization During Synthesis                                   ; Normal compilation ; Normal compilation ;
; HDL message level                                                               ; Level2             ; Level2             ;
; Suppress Register Optimization Related Messages                                 ; Off                ; Off                ;
; Number of Removed Registers Reported in Synthesis Report                        ; 5000               ; 5000               ;
; Number of Swept Nodes Reported in Synthesis Report                              ; 5000               ; 5000               ;
; Number of Inverted Registers Reported in Synthesis Report                       ; 100                ; 100                ;
; Clock MUX Protection                                                            ; On                 ; On                 ;
; Auto Gated Clock Conversion                                                     ; Off                ; Off                ;
; Block Design Naming                                                             ; Auto               ; Auto               ;
; SDC constraint protection                                                       ; Off                ; Off                ;
; Synthesis Effort                                                                ; Auto               ; Auto               ;
; Shift Register Replacement - Allow Asynchronous Clear Signal                    ; On                 ; On                 ;
; Pre-Mapping Resynthesis Optimization                                            ; Off                ; Off                ;
; Analysis & Synthesis Message Level                                              ; Medium             ; Medium             ;
; Disable Register Merging Across Hierarchies                                     ; Auto               ; Auto               ;
; Resource Aware Inference For Block RAM                                          ; On                 ; On                 ;
; Automatic Parallel Synthesis                                                    ; On                 ; On                 ;
; Partial Reconfiguration Bitstream ID                                            ; Off                ; Off                ;
+---------------------------------------------------------------------------------+--------------------+--------------------+


+------------------------------------------+
; Parallel Compilation                     ;
+----------------------------+-------------+
; Processors                 ; Number      ;
+----------------------------+-------------+
; Number detected on machine ; 4           ;
; Maximum allowed            ; 4           ;
;                            ;             ;
; Average used               ; 1.00        ;
; Maximum used               ; 4           ;
;                            ;             ;
; Usage by Processor         ; % Time Used ;
;     Processor 1            ; 100.0%      ;
;     Processors 2-4         ;   0.0%      ;
+----------------------------+-------------+


+------------------------------------------------------------------------------------------------------------------------------------------------------------------+
; Analysis & Synthesis Source Files Read                                                                                                                           ;
+----------------------------------+-----------------+-----------------+---------------------------------------------------------------------------------+---------+
; File Name with User-Entered Path ; Used in Netlist ; File Type       ; File Name with Absolute Path                                                    ; Library ;
+----------------------------------+-----------------+-----------------+---------------------------------------------------------------------------------+---------+
; twentySixBitCounter.vhd          ; yes             ; User VHDL File  ; H:/My Documents/Downloads/ECE5500/Traffic_Light_Project/twentySixBitCounter.vhd ;         ;
; fiveBitCounter.vhd               ; yes             ; User VHDL File  ; H:/My Documents/Downloads/ECE5500/Traffic_Light_Project/fiveBitCounter.vhd      ;         ;
; sevenSegment.vhd                 ; yes             ; User VHDL File  ; H:/My Documents/Downloads/ECE5500/Traffic_Light_Project/sevenSegment.vhd        ;         ;
; trafficLight.vhd                 ; yes             ; User VHDL File  ; H:/My Documents/Downloads/ECE5500/Traffic_Light_Project/trafficLight.vhd        ;         ;
; fourBitDownCounter.vhd           ; yes             ; User VHDL File  ; H:/My Documents/Downloads/ECE5500/Traffic_Light_Project/fourBitDownCounter.vhd  ;         ;
+----------------------------------+-----------------+-----------------+---------------------------------------------------------------------------------+---------+


+------------------------------------------------------------------------------------------------+
; Analysis & Synthesis Resource Usage Summary                                                    ;
+---------------------------------------------+--------------------------------------------------+
; Resource                                    ; Usage                                            ;
+---------------------------------------------+--------------------------------------------------+
; Estimate of Logic utilization (ALMs needed) ; 63                                               ;
;                                             ;                                                  ;
; Combinational ALUT usage for logic          ; 99                                               ;
;     -- 7 input functions                    ; 0                                                ;
;     -- 6 input functions                    ; 26                                               ;
;     -- 5 input functions                    ; 18                                               ;
;     -- 4 input functions                    ; 14                                               ;
;     -- <=3 input functions                  ; 41                                               ;
;                                             ;                                                  ;
; Dedicated logic registers                   ; 57                                               ;
;                                             ;                                                  ;
; I/O pins                                    ; 56                                               ;
;                                             ;                                                  ;
; Total DSP Blocks                            ; 0                                                ;
;                                             ;                                                  ;
; Maximum fan-out node                        ; twentySixBitCounter:twentySixBitCounter1|reached ;
; Maximum fan-out                             ; 30                                               ;
; Total fan-out                               ; 641                                              ;
; Average fan-out                             ; 2.39                                             ;
+---------------------------------------------+--------------------------------------------------+


+------------------------------------------------------------------------------------------------------------------------------------------------------------------------------------------------------------------------------------------------------+
; Analysis & Synthesis Resource Utilization by Entity                                                                                                                                                                                                  ;
+-----------------------------------------------+---------------------+---------------------------+-------------------+------------+------+--------------+--------------------------------------------------------+---------------------+--------------+
; Compilation Hierarchy Node                    ; Combinational ALUTs ; Dedicated Logic Registers ; Block Memory Bits ; DSP Blocks ; Pins ; Virtual Pins ; Full Hierarchy Name                                    ; Entity Name         ; Library Name ;
+-----------------------------------------------+---------------------+---------------------------+-------------------+------------+------+--------------+--------------------------------------------------------+---------------------+--------------+
; |trafficLight                                 ; 99 (23)             ; 57 (10)                   ; 0                 ; 0          ; 56   ; 0            ; |trafficLight                                          ; trafficLight        ; work         ;
;    |fiveBitCounter:countSevenSecond|          ; 5 (5)               ; 5 (5)                     ; 0                 ; 0          ; 0    ; 0            ; |trafficLight|fiveBitCounter:countSevenSecond          ; fiveBitCounter      ; work         ;
;    |fiveBitCounter:countTenSecond|            ; 5 (5)               ; 5 (5)                     ; 0                 ; 0          ; 0    ; 0            ; |trafficLight|fiveBitCounter:countTenSecond            ; fiveBitCounter      ; work         ;
;    |fiveBitCounter:countThreeSecond|          ; 5 (5)               ; 5 (5)                     ; 0                 ; 0          ; 0    ; 0            ; |trafficLight|fiveBitCounter:countThreeSecond          ; fiveBitCounter      ; work         ;
;    |fourBitDownCounter:downCounter|           ; 5 (5)               ; 5 (5)                     ; 0                 ; 0          ; 0    ; 0            ; |trafficLight|fourBitDownCounter:downCounter           ; fourBitDownCounter  ; work         ;
;    |sevenSegment:HexValues1|                  ; 7 (7)               ; 0 (0)                     ; 0                 ; 0          ; 0    ; 0            ; |trafficLight|sevenSegment:HexValues1                  ; sevenSegment        ; work         ;
;    |sevenSegment:HexValues3|                  ; 5 (5)               ; 0 (0)                     ; 0                 ; 0          ; 0    ; 0            ; |trafficLight|sevenSegment:HexValues3                  ; sevenSegment        ; work         ;
;    |sevenSegment:HexValues4|                  ; 5 (5)               ; 0 (0)                     ; 0                 ; 0          ; 0    ; 0            ; |trafficLight|sevenSegment:HexValues4                  ; sevenSegment        ; work         ;
;    |sevenSegment:HexValues5|                  ; 6 (6)               ; 0 (0)                     ; 0                 ; 0          ; 0    ; 0            ; |trafficLight|sevenSegment:HexValues5                  ; sevenSegment        ; work         ;
;    |sevenSegment:HexValues6|                  ; 2 (2)               ; 0 (0)                     ; 0                 ; 0          ; 0    ; 0            ; |trafficLight|sevenSegment:HexValues6                  ; sevenSegment        ; work         ;
;    |twentySixBitCounter:twentySixBitCounter1| ; 31 (31)             ; 27 (27)                   ; 0                 ; 0          ; 0    ; 0            ; |trafficLight|twentySixBitCounter:twentySixBitCounter1 ; twentySixBitCounter ; work         ;
+-----------------------------------------------+---------------------+---------------------------+-------------------+------------+------+--------------+--------------------------------------------------------+---------------------+--------------+
Note: For table entries with two numbers listed, the numbers in parentheses indicate the number of resources of the given type used by the specific entity alone. The numbers listed outside of parentheses indicate the total resources of the given type used by the specific entity and all of its sub-entities in the hierarchy.


Encoding Type:  One-Hot
+--------------------------------------------------------------------------------------------------------------------------------------------------------------------------------------------------------------------------------------------------------------------------------------------------------------------------------------------------------------------------------------------+
; State Machine - |trafficLight|traffic_lights_state                                                                                                                                                                                                                                                                                                                                         ;
+--------------------------------------+--------------------------------------+-----------------------------------+--------------------------------------+-----------------------------------+------------------------------+--------------------------------+-------------------------------+------------------------------+--------------------------------+-------------------------------+
; Name                                 ; traffic_lights_state.NS_Buffer_State ; traffic_lights_state.NS_End_State ; traffic_lights_state.EW_Buffer_State ; traffic_lights_state.EW_End_State ; traffic_lights_state.EW_LEFT ; traffic_lights_state.NS_YELLOW ; traffic_lights_state.NS_GREEN ; traffic_lights_state.NS_LEFT ; traffic_lights_state.EW_YELLOw ; traffic_lights_state.EW_GREEN ;
+--------------------------------------+--------------------------------------+-----------------------------------+--------------------------------------+-----------------------------------+------------------------------+--------------------------------+-------------------------------+------------------------------+--------------------------------+-------------------------------+
; traffic_lights_state.EW_GREEN        ; 0                                    ; 0                                 ; 0                                    ; 0                                 ; 0                            ; 0                              ; 0                             ; 0                            ; 0                              ; 0                             ;
; traffic_lights_state.EW_YELLOw       ; 0                                    ; 0                                 ; 0                                    ; 0                                 ; 0                            ; 0                              ; 0                             ; 0                            ; 1                              ; 1                             ;
; traffic_lights_state.NS_LEFT         ; 0                                    ; 0                                 ; 0                                    ; 0                                 ; 0                            ; 0                              ; 0                             ; 1                            ; 0                              ; 1                             ;
; traffic_lights_state.NS_GREEN        ; 0                                    ; 0                                 ; 0                                    ; 0                                 ; 0                            ; 0                              ; 1                             ; 0                            ; 0                              ; 1                             ;
; traffic_lights_state.NS_YELLOW       ; 0                                    ; 0                                 ; 0                                    ; 0                                 ; 0                            ; 1                              ; 0                             ; 0                            ; 0                              ; 1                             ;
; traffic_lights_state.EW_LEFT         ; 0                                    ; 0                                 ; 0                                    ; 0                                 ; 1                            ; 0                              ; 0                             ; 0                            ; 0                              ; 1                             ;
; traffic_lights_state.EW_End_State    ; 0                                    ; 0                                 ; 0                                    ; 1                                 ; 0                            ; 0                              ; 0                             ; 0                            ; 0                              ; 1                             ;
; traffic_lights_state.EW_Buffer_State ; 0                                    ; 0                                 ; 1                                    ; 0                                 ; 0                            ; 0                              ; 0                             ; 0                            ; 0                              ; 1                             ;
; traffic_lights_state.NS_End_State    ; 0                                    ; 1                                 ; 0                                    ; 0                                 ; 0                            ; 0                              ; 0                             ; 0                            ; 0                              ; 1                             ;
; traffic_lights_state.NS_Buffer_State ; 1                                    ; 0                                 ; 0                                    ; 0                                 ; 0                            ; 0                              ; 0                             ; 0                            ; 0                              ; 1                             ;
+--------------------------------------+--------------------------------------+-----------------------------------+--------------------------------------+-----------------------------------+------------------------------+--------------------------------+-------------------------------+------------------------------+--------------------------------+-------------------------------+


+------------------------------------------------------+
; General Register Statistics                          ;
+----------------------------------------------+-------+
; Statistic                                    ; Value ;
+----------------------------------------------+-------+
; Total registers                              ; 57    ;
; Number of registers using Synchronous Clear  ; 26    ;
; Number of registers using Synchronous Load   ; 0     ;
; Number of registers using Asynchronous Clear ; 0     ;
; Number of registers using Asynchronous Load  ; 0     ;
; Number of registers using Clock Enable       ; 22    ;
; Number of registers using Preset             ; 0     ;
+----------------------------------------------+-------+


+-------------------------------------------------------+
; Inverted Register Statistics                          ;
+---------------------------------------------+---------+
; Inverted Register                           ; Fan out ;
+---------------------------------------------+---------+
; fourBitDownCounter:downCounter|tempCount[0] ; 13      ;
; fourBitDownCounter:downCounter|tempCount[3] ; 12      ;
; Total number of inverted registers = 2      ;         ;
+---------------------------------------------+---------+


+--------------------------------------------------------------------------------------------------------------------------------------------------------------------------+
; Multiplexer Restructuring Statistics (Restructuring Performed)                                                                                                           ;
+--------------------+-----------+---------------+----------------------+------------------------+------------+------------------------------------------------------------+
; Multiplexer Inputs ; Bus Width ; Baseline Area ; Area if Restructured ; Saving if Restructured ; Registered ; Example Multiplexer Output                                 ;
+--------------------+-----------+---------------+----------------------+------------------------+------------+------------------------------------------------------------+
; 3:1                ; 3 bits    ; 6 LEs         ; 3 LEs                ; 3 LEs                  ; Yes        ; |trafficLight|fourBitDownCounter:downCounter|tempCount[4]  ;
; 3:1                ; 5 bits    ; 10 LEs        ; 5 LEs                ; 5 LEs                  ; Yes        ; |trafficLight|fiveBitCounter:countTenSecond|tempCount[0]   ;
; 3:1                ; 5 bits    ; 10 LEs        ; 5 LEs                ; 5 LEs                  ; Yes        ; |trafficLight|fiveBitCounter:countSevenSecond|tempCount[4] ;
; 3:1                ; 5 bits    ; 10 LEs        ; 5 LEs                ; 5 LEs                  ; Yes        ; |trafficLight|fiveBitCounter:countThreeSecond|tempCount[0] ;
; 3:1                ; 2 bits    ; 4 LEs         ; 2 LEs                ; 2 LEs                  ; Yes        ; |trafficLight|fourBitDownCounter:downCounter|tempCount[3]  ;
+--------------------+-----------+---------------+----------------------+------------------------+------------+------------------------------------------------------------+


+-----------------------------------------------------+
; Port Connectivity Checks: "sevenSegment:HexValues6" ;
+-------+-------+----------+--------------------------+
; Port  ; Type  ; Severity ; Details                  ;
+-------+-------+----------+--------------------------+
; reset ; Input ; Info     ; Stuck at GND             ;
+-------+-------+----------+--------------------------+


+-----------------------------------------------------+
; Port Connectivity Checks: "sevenSegment:HexValues5" ;
+----------+-------+----------+-----------------------+
; Port     ; Type  ; Severity ; Details               ;
+----------+-------+----------+-----------------------+
; input[1] ; Input ; Info     ; Stuck at GND          ;
; reset    ; Input ; Info     ; Stuck at GND          ;
+----------+-------+----------+-----------------------+


+-----------------------------------------------------+
; Port Connectivity Checks: "sevenSegment:HexValues4" ;
+-------+-------+----------+--------------------------+
; Port  ; Type  ; Severity ; Details                  ;
+-------+-------+----------+--------------------------+
; reset ; Input ; Info     ; Stuck at GND             ;
+-------+-------+----------+--------------------------+


+-----------------------------------------------------+
; Port Connectivity Checks: "sevenSegment:HexValues3" ;
+-------+-------+----------+--------------------------+
; Port  ; Type  ; Severity ; Details                  ;
+-------+-------+----------+--------------------------+
; reset ; Input ; Info     ; Stuck at GND             ;
+-------+-------+----------+--------------------------+


+------------------------------------------------------------------------------------------------------------------+
; Port Connectivity Checks: "fiveBitCounter:counttewntySecond"                                                     ;
+--------+--------+----------+-------------------------------------------------------------------------------------+
; Port   ; Type   ; Severity ; Details                                                                             ;
+--------+--------+----------+-------------------------------------------------------------------------------------+
; output ; Output ; Info     ; Connected to dangling logic. Logic that only feeds a dangling port will be removed. ;
+--------+--------+----------+-------------------------------------------------------------------------------------+


+----------------------------------------------------------------------+
; Port Connectivity Checks: "twentySixBitCounter:twentySixBitCounter1" ;
+-------+-------+----------+-------------------------------------------+
; Port  ; Type  ; Severity ; Details                                   ;
+-------+-------+----------+-------------------------------------------+
; reset ; Input ; Info     ; Stuck at GND                              ;
+-------+-------+----------+-------------------------------------------+


+-----------------------------------------------------+
; Post-Synthesis Netlist Statistics for Top Partition ;
+-----------------------+-----------------------------+
; Type                  ; Count                       ;
+-----------------------+-----------------------------+
; arriav_ff             ; 57                          ;
;     ENA               ; 22                          ;
;     SCLR              ; 26                          ;
;     plain             ; 9                           ;
; arriav_lcell_comb     ; 113                         ;
;     arith             ; 26                          ;
;         1 data inputs ; 26                          ;
;     normal            ; 87                          ;
;         0 data inputs ; 2                           ;
;         1 data inputs ; 16                          ;
;         2 data inputs ; 7                           ;
;         3 data inputs ; 4                           ;
;         4 data inputs ; 14                          ;
;         5 data inputs ; 18                          ;
;         6 data inputs ; 26                          ;
; boundary_port         ; 56                          ;
;                       ;                             ;
; Max LUT depth         ; 3.50                        ;
; Average LUT depth     ; 2.06                        ;
+-----------------------+-----------------------------+


+-------------------------------+
; Elapsed Time Per Partition    ;
+----------------+--------------+
; Partition Name ; Elapsed Time ;
+----------------+--------------+
; Top            ; 00:00:00     ;
+----------------+--------------+


+-------------------------------+
; Analysis & Synthesis Messages ;
+-------------------------------+
Info: *******************************************************************
Info: Running Quartus Prime Analysis & Synthesis
    Info: Version 16.1.1 Build 200 11/30/2016 SJ Lite Edition
    Info: Processing started: Thu Mar 31 19:09:32 2022
Info: Command: quartus_map --read_settings_files=on --write_settings_files=off trafficLight -c trafficLight
Warning (18236): Number of processors has not been specified which may cause overloading on shared machines.  Set the global assignment NUM_PARALLEL_PROCESSORS in your QSF to an appropriate value for best performance.
Info (20030): Parallel compilation is enabled and will use 4 of the 4 processors detected
Info (12021): Found 2 design units, including 1 entities, in source file twentysixbitcounter.vhd
    Info (12022): Found design unit 1: twentySixBitCounter-Structure File: H:/My Documents/Downloads/ECE5500/Traffic_Light_Project/twentySixBitCounter.vhd Line: 11
    Info (12023): Found entity 1: twentySixBitCounter File: H:/My Documents/Downloads/ECE5500/Traffic_Light_Project/twentySixBitCounter.vhd Line: 6
Info (12021): Found 2 design units, including 1 entities, in source file fivebitcounter.vhd
    Info (12022): Found design unit 1: fiveBitCounter-Structure File: H:/My Documents/Downloads/ECE5500/Traffic_Light_Project/fiveBitCounter.vhd Line: 11
    Info (12023): Found entity 1: fiveBitCounter File: H:/My Documents/Downloads/ECE5500/Traffic_Light_Project/fiveBitCounter.vhd Line: 6
Info (12021): Found 2 design units, including 1 entities, in source file sevensegment.vhd
    Info (12022): Found design unit 1: sevenSegment-Structure File: H:/My Documents/Downloads/ECE5500/Traffic_Light_Project/sevenSegment.vhd Line: 10
    Info (12023): Found entity 1: sevenSegment File: H:/My Documents/Downloads/ECE5500/Traffic_Light_Project/sevenSegment.vhd Line: 4
Info (12021): Found 2 design units, including 1 entities, in source file trafficlight.vhd
    Info (12022): Found design unit 1: trafficLight-structure File: H:/My Documents/Downloads/ECE5500/Traffic_Light_Project/trafficLight.vhd Line: 13
    Info (12023): Found entity 1: trafficLight File: H:/My Documents/Downloads/ECE5500/Traffic_Light_Project/trafficLight.vhd Line: 6
Info (12021): Found 2 design units, including 1 entities, in source file fourbitdowncounter.vhd
    Info (12022): Found design unit 1: fourBitDownCounter-Structure File: H:/My Documents/Downloads/ECE5500/Traffic_Light_Project/fourBitDownCounter.vhd Line: 11
    Info (12023): Found entity 1: fourBitDownCounter File: H:/My Documents/Downloads/ECE5500/Traffic_Light_Project/fourBitDownCounter.vhd Line: 6
Info (12127): Elaborating entity "trafficLight" for the top level hierarchy
Warning (10541): VHDL Signal Declaration warning at trafficLight.vhd(44): used implicit default value for signal "resetTwentySecond" because signal was never assigned a value or an explicit default value. Use of implicit default value may introduce unintended design optimizations. File: H:/My Documents/Downloads/ECE5500/Traffic_Light_Project/trafficLight.vhd Line: 44
Warning (10036): Verilog HDL or VHDL warning at trafficLight.vhd(44): object "twentySecondReached" assigned a value but never read File: H:/My Documents/Downloads/ECE5500/Traffic_Light_Project/trafficLight.vhd Line: 44
Warning (10541): VHDL Signal Declaration warning at trafficLight.vhd(44): used implicit default value for signal "enableTwentySecond" because signal was never assigned a value or an explicit default value. Use of implicit default value may introduce unintended design optimizations. File: H:/My Documents/Downloads/ECE5500/Traffic_Light_Project/trafficLight.vhd Line: 44
Warning (10492): VHDL Process Statement warning at trafficLight.vhd(147): signal "zeroSecondsReached" is read inside the Process Statement but isn't in the Process Statement's sensitivity list File: H:/My Documents/Downloads/ECE5500/Traffic_Light_Project/trafficLight.vhd Line: 147
Warning (10492): VHDL Process Statement warning at trafficLight.vhd(163): signal "threeSecondReached" is read inside the Process Statement but isn't in the Process Statement's sensitivity list File: H:/My Documents/Downloads/ECE5500/Traffic_Light_Project/trafficLight.vhd Line: 163
Warning (10492): VHDL Process Statement warning at trafficLight.vhd(178): signal "threeSecondReached" is read inside the Process Statement but isn't in the Process Statement's sensitivity list File: H:/My Documents/Downloads/ECE5500/Traffic_Light_Project/trafficLight.vhd Line: 178
Warning (10492): VHDL Process Statement warning at trafficLight.vhd(193): signal "sevenSecondReached" is read inside the Process Statement but isn't in the Process Statement's sensitivity list File: H:/My Documents/Downloads/ECE5500/Traffic_Light_Project/trafficLight.vhd Line: 193
Warning (10492): VHDL Process Statement warning at trafficLight.vhd(209): signal "EW_car_waiting" is read inside the Process Statement but isn't in the Process Statement's sensitivity list File: H:/My Documents/Downloads/ECE5500/Traffic_Light_Project/trafficLight.vhd Line: 209
Warning (10492): VHDL Process Statement warning at trafficLight.vhd(230): signal "zeroSecondsReached" is read inside the Process Statement but isn't in the Process Statement's sensitivity list File: H:/My Documents/Downloads/ECE5500/Traffic_Light_Project/trafficLight.vhd Line: 230
Warning (10492): VHDL Process Statement warning at trafficLight.vhd(246): signal "threeSecondReached" is read inside the Process Statement but isn't in the Process Statement's sensitivity list File: H:/My Documents/Downloads/ECE5500/Traffic_Light_Project/trafficLight.vhd Line: 246
Warning (10492): VHDL Process Statement warning at trafficLight.vhd(261): signal "threeSecondReached" is read inside the Process Statement but isn't in the Process Statement's sensitivity list File: H:/My Documents/Downloads/ECE5500/Traffic_Light_Project/trafficLight.vhd Line: 261
Warning (10492): VHDL Process Statement warning at trafficLight.vhd(277): signal "sevenSecondReached" is read inside the Process Statement but isn't in the Process Statement's sensitivity list File: H:/My Documents/Downloads/ECE5500/Traffic_Light_Project/trafficLight.vhd Line: 277
Info (12128): Elaborating entity "twentySixBitCounter" for hierarchy "twentySixBitCounter:twentySixBitCounter1" File: H:/My Documents/Downloads/ECE5500/Traffic_Light_Project/trafficLight.vhd Line: 68
Info (12128): Elaborating entity "fiveBitCounter" for hierarchy "fiveBitCounter:countTenSecond" File: H:/My Documents/Downloads/ECE5500/Traffic_Light_Project/trafficLight.vhd Line: 71
Info (12128): Elaborating entity "fourBitDownCounter" for hierarchy "fourBitDownCounter:downCounter" File: H:/My Documents/Downloads/ECE5500/Traffic_Light_Project/trafficLight.vhd Line: 75
Info (12128): Elaborating entity "sevenSegment" for hierarchy "sevenSegment:HexValues1" File: H:/My Documents/Downloads/ECE5500/Traffic_Light_Project/trafficLight.vhd Line: 78
Warning (10492): VHDL Process Statement warning at sevenSegment.vhd(16): signal "reset" is read inside the Process Statement but isn't in the Process Statement's sensitivity list File: H:/My Documents/Downloads/ECE5500/Traffic_Light_Project/sevenSegment.vhd Line: 16
Warning (13024): Output pins are stuck at VCC or GND
    Warning (13410): Pin "HEX2[4]" is stuck at GND File: H:/My Documents/Downloads/ECE5500/Traffic_Light_Project/trafficLight.vhd Line: 10
    Warning (13410): Pin "HEX2[6]" is stuck at GND File: H:/My Documents/Downloads/ECE5500/Traffic_Light_Project/trafficLight.vhd Line: 10
    Warning (13410): Pin "HEX3[3]" is stuck at GND File: H:/My Documents/Downloads/ECE5500/Traffic_Light_Project/trafficLight.vhd Line: 10
    Warning (13410): Pin "HEX4[5]" is stuck at GND File: H:/My Documents/Downloads/ECE5500/Traffic_Light_Project/trafficLight.vhd Line: 10
    Warning (13410): Pin "HEX5[1]" is stuck at VCC File: H:/My Documents/Downloads/ECE5500/Traffic_Light_Project/trafficLight.vhd Line: 10
Info (286030): Timing-Driven Synthesis is running
Info (16010): Generating hard_block partition "hard_block:auto_generated_inst"
    Info (16011): Adding 0 node(s), including 0 DDIO, 0 PLL, 0 transceiver and 0 LCELL
Warning (21074): Design contains 8 input pin(s) that do not drive logic
    Warning (15610): No output dependent on input pin "SW[0]" File: H:/My Documents/Downloads/ECE5500/Traffic_Light_Project/trafficLight.vhd Line: 8
    Warning (15610): No output dependent on input pin "SW[3]" File: H:/My Documents/Downloads/ECE5500/Traffic_Light_Project/trafficLight.vhd Line: 8
    Warning (15610): No output dependent on input pin "SW[4]" File: H:/My Documents/Downloads/ECE5500/Traffic_Light_Project/trafficLight.vhd Line: 8
    Warning (15610): No output dependent on input pin "SW[5]" File: H:/My Documents/Downloads/ECE5500/Traffic_Light_Project/trafficLight.vhd Line: 8
    Warning (15610): No output dependent on input pin "SW[6]" File: H:/My Documents/Downloads/ECE5500/Traffic_Light_Project/trafficLight.vhd Line: 8
    Warning (15610): No output dependent on input pin "SW[7]" File: H:/My Documents/Downloads/ECE5500/Traffic_Light_Project/trafficLight.vhd Line: 8
    Warning (15610): No output dependent on input pin "SW[8]" File: H:/My Documents/Downloads/ECE5500/Traffic_Light_Project/trafficLight.vhd Line: 8
    Warning (15610): No output dependent on input pin "SW[9]" File: H:/My Documents/Downloads/ECE5500/Traffic_Light_Project/trafficLight.vhd Line: 8
Info (21057): Implemented 158 device resources after synthesis - the final resource count might be different
    Info (21058): Implemented 11 input pins
    Info (21059): Implemented 45 output pins
    Info (21061): Implemented 102 logic cells
Info: Quartus Prime Analysis & Synthesis was successful. 0 errors, 29 warnings
    Info: Peak virtual memory: 743 megabytes
    Info: Processing ended: Thu Mar 31 19:09:46 2022
    Info: Elapsed time: 00:00:14
    Info: Total CPU time (on all processors): 00:00:25


