Analysis & Synthesis report for lab5project
Fri Mar 04 11:25:27 2022
Quartus Prime Version 16.1.1 Build 200 11/30/2016 SJ Lite Edition


---------------------
; Table of Contents ;
---------------------
  1. Legal Notice
  2. Analysis & Synthesis Summary
  3. Analysis & Synthesis Settings
  4. Parallel Compilation
  5. Analysis & Synthesis Source Files Read
  6. Analysis & Synthesis Resource Usage Summary
  7. Analysis & Synthesis Resource Utilization by Entity
  8. State Machine - |demo_display|current_state
  9. User-Specified and Inferred Latches
 10. Registers Removed During Synthesis
 11. General Register Statistics
 12. Inverted Register Statistics
 13. Port Connectivity Checks: "Bit10ShiftRegister:shft0"
 14. Port Connectivity Checks: "counter4Bit:cnt0"
 15. Post-Synthesis Netlist Statistics for Top Partition
 16. Elapsed Time Per Partition
 17. Analysis & Synthesis Messages



----------------
; Legal Notice ;
----------------
Copyright (C) 2016  Intel Corporation. All rights reserved.
Your use of Intel Corporation's design tools, logic functions 
and other software and tools, and its AMPP partner logic 
functions, and any output files from any of the foregoing 
(including device programming or simulation files), and any 
associated documentation or information are expressly subject 
to the terms and conditions of the Intel Program License 
Subscription Agreement, the Intel Quartus Prime License Agreement,
the Intel MegaCore Function License Agreement, or other 
applicable license agreement, including, without limitation, 
that your use is for the sole purpose of programming logic 
devices manufactured by Intel and sold by Intel or its 
authorized distributors.  Please refer to the applicable 
agreement for further details.



+-------------------------------------------------------------------------------+
; Analysis & Synthesis Summary                                                  ;
+---------------------------------+---------------------------------------------+
; Analysis & Synthesis Status     ; Successful - Fri Mar 04 11:25:27 2022       ;
; Quartus Prime Version           ; 16.1.1 Build 200 11/30/2016 SJ Lite Edition ;
; Revision Name                   ; lab5project                                 ;
; Top-level Entity Name           ; demo_display                                ;
; Family                          ; Cyclone V                                   ;
; Logic utilization (in ALMs)     ; N/A                                         ;
; Total registers                 ; 16                                          ;
; Total pins                      ; 13                                          ;
; Total virtual pins              ; 0                                           ;
; Total block memory bits         ; 0                                           ;
; Total DSP Blocks                ; 0                                           ;
; Total HSSI RX PCSs              ; 0                                           ;
; Total HSSI PMA RX Deserializers ; 0                                           ;
; Total HSSI TX PCSs              ; 0                                           ;
; Total HSSI PMA TX Serializers   ; 0                                           ;
; Total PLLs                      ; 0                                           ;
; Total DLLs                      ; 0                                           ;
+---------------------------------+---------------------------------------------+


+---------------------------------------------------------------------------------------------------------------------------+
; Analysis & Synthesis Settings                                                                                             ;
+---------------------------------------------------------------------------------+--------------------+--------------------+
; Option                                                                          ; Setting            ; Default Value      ;
+---------------------------------------------------------------------------------+--------------------+--------------------+
; Device                                                                          ; 5CSEMA5F31C6       ;                    ;
; Top-level entity name                                                           ; demo_display       ; lab5project        ;
; Family name                                                                     ; Cyclone V          ; Cyclone V          ;
; Use smart compilation                                                           ; Off                ; Off                ;
; Enable parallel Assembler and TimeQuest Timing Analyzer during compilation      ; On                 ; On                 ;
; Enable compact report table                                                     ; Off                ; Off                ;
; Restructure Multiplexers                                                        ; Auto               ; Auto               ;
; MLAB Add Timing Constraints For Mixed-Port Feed-Through Mode Setting Don't Care ; Off                ; Off                ;
; Create Debugging Nodes for IP Cores                                             ; Off                ; Off                ;
; Preserve fewer node names                                                       ; On                 ; On                 ;
; OpenCore Plus hardware evaluation                                               ; Enable             ; Enable             ;
; Verilog Version                                                                 ; Verilog_2001       ; Verilog_2001       ;
; VHDL Version                                                                    ; VHDL_1993          ; VHDL_1993          ;
; State Machine Processing                                                        ; Auto               ; Auto               ;
; Safe State Machine                                                              ; Off                ; Off                ;
; Extract Verilog State Machines                                                  ; On                 ; On                 ;
; Extract VHDL State Machines                                                     ; On                 ; On                 ;
; Ignore Verilog initial constructs                                               ; Off                ; Off                ;
; Iteration limit for constant Verilog loops                                      ; 5000               ; 5000               ;
; Iteration limit for non-constant Verilog loops                                  ; 250                ; 250                ;
; Add Pass-Through Logic to Inferred RAMs                                         ; On                 ; On                 ;
; Infer RAMs from Raw Logic                                                       ; On                 ; On                 ;
; Parallel Synthesis                                                              ; On                 ; On                 ;
; DSP Block Balancing                                                             ; Auto               ; Auto               ;
; NOT Gate Push-Back                                                              ; On                 ; On                 ;
; Power-Up Don't Care                                                             ; On                 ; On                 ;
; Remove Redundant Logic Cells                                                    ; Off                ; Off                ;
; Remove Duplicate Registers                                                      ; On                 ; On                 ;
; Ignore CARRY Buffers                                                            ; Off                ; Off                ;
; Ignore CASCADE Buffers                                                          ; Off                ; Off                ;
; Ignore GLOBAL Buffers                                                           ; Off                ; Off                ;
; Ignore ROW GLOBAL Buffers                                                       ; Off                ; Off                ;
; Ignore LCELL Buffers                                                            ; Off                ; Off                ;
; Ignore SOFT Buffers                                                             ; On                 ; On                 ;
; Limit AHDL Integers to 32 Bits                                                  ; Off                ; Off                ;
; Optimization Technique                                                          ; Balanced           ; Balanced           ;
; Carry Chain Length                                                              ; 70                 ; 70                 ;
; Auto Carry Chains                                                               ; On                 ; On                 ;
; Auto Open-Drain Pins                                                            ; On                 ; On                 ;
; Perform WYSIWYG Primitive Resynthesis                                           ; Off                ; Off                ;
; Auto ROM Replacement                                                            ; On                 ; On                 ;
; Auto RAM Replacement                                                            ; On                 ; On                 ;
; Auto DSP Block Replacement                                                      ; On                 ; On                 ;
; Auto Shift Register Replacement                                                 ; Auto               ; Auto               ;
; Allow Shift Register Merging across Hierarchies                                 ; Auto               ; Auto               ;
; Auto Clock Enable Replacement                                                   ; On                 ; On                 ;
; Strict RAM Replacement                                                          ; Off                ; Off                ;
; Allow Synchronous Control Signals                                               ; On                 ; On                 ;
; Force Use of Synchronous Clear Signals                                          ; Off                ; Off                ;
; Auto Resource Sharing                                                           ; Off                ; Off                ;
; Allow Any RAM Size For Recognition                                              ; Off                ; Off                ;
; Allow Any ROM Size For Recognition                                              ; Off                ; Off                ;
; Allow Any Shift Register Size For Recognition                                   ; Off                ; Off                ;
; Use LogicLock Constraints during Resource Balancing                             ; On                 ; On                 ;
; Ignore translate_off and synthesis_off directives                               ; Off                ; Off                ;
; Timing-Driven Synthesis                                                         ; On                 ; On                 ;
; Report Parameter Settings                                                       ; On                 ; On                 ;
; Report Source Assignments                                                       ; On                 ; On                 ;
; Report Connectivity Checks                                                      ; On                 ; On                 ;
; Ignore Maximum Fan-Out Assignments                                              ; Off                ; Off                ;
; Synchronization Register Chain Length                                           ; 3                  ; 3                  ;
; PowerPlay Power Optimization During Synthesis                                   ; Normal compilation ; Normal compilation ;
; HDL message level                                                               ; Level2             ; Level2             ;
; Suppress Register Optimization Related Messages                                 ; Off                ; Off                ;
; Number of Removed Registers Reported in Synthesis Report                        ; 5000               ; 5000               ;
; Number of Swept Nodes Reported in Synthesis Report                              ; 5000               ; 5000               ;
; Number of Inverted Registers Reported in Synthesis Report                       ; 100                ; 100                ;
; Clock MUX Protection                                                            ; On                 ; On                 ;
; Auto Gated Clock Conversion                                                     ; Off                ; Off                ;
; Block Design Naming                                                             ; Auto               ; Auto               ;
; SDC constraint protection                                                       ; Off                ; Off                ;
; Synthesis Effort                                                                ; Auto               ; Auto               ;
; Shift Register Replacement - Allow Asynchronous Clear Signal                    ; On                 ; On                 ;
; Pre-Mapping Resynthesis Optimization                                            ; Off                ; Off                ;
; Analysis & Synthesis Message Level                                              ; Medium             ; Medium             ;
; Disable Register Merging Across Hierarchies                                     ; Auto               ; Auto               ;
; Resource Aware Inference For Block RAM                                          ; On                 ; On                 ;
; Automatic Parallel Synthesis                                                    ; On                 ; On                 ;
; Partial Reconfiguration Bitstream ID                                            ; Off                ; Off                ;
+---------------------------------------------------------------------------------+--------------------+--------------------+


+------------------------------------------+
; Parallel Compilation                     ;
+----------------------------+-------------+
; Processors                 ; Number      ;
+----------------------------+-------------+
; Number detected on machine ; 4           ;
; Maximum allowed            ; 4           ;
;                            ;             ;
; Average used               ; 1.00        ;
; Maximum used               ; 4           ;
;                            ;             ;
; Usage by Processor         ; % Time Used ;
;     Processor 1            ; 100.0%      ;
;     Processor 2            ;   0.0%      ;
;     Processors 3-4         ;   0.0%      ;
+----------------------------+-------------+


+------------------------------------------------------------------------------------------------------------------------------------------------+
; Analysis & Synthesis Source Files Read                                                                                                         ;
+----------------------------------+-----------------+-----------------+---------------------------------------------------------------+---------+
; File Name with User-Entered Path ; Used in Netlist ; File Type       ; File Name with Absolute Path                                  ; Library ;
+----------------------------------+-----------------+-----------------+---------------------------------------------------------------+---------+
; counter4Bit.vhd                  ; yes             ; User VHDL File  ; H:/My Documents/Downloads/ECE5500/Lab5/counter4Bit.vhd        ;         ;
; Bit10ShiftRegister.vhd           ; yes             ; User VHDL File  ; H:/My Documents/Downloads/ECE5500/Lab5/Bit10ShiftRegister.vhd ;         ;
; demo_display.vhd                 ; yes             ; User VHDL File  ; H:/My Documents/Downloads/ECE5500/Lab5/demo_display.vhd       ;         ;
+----------------------------------+-----------------+-----------------+---------------------------------------------------------------+---------+


+-------------------------------------------------------------------+
; Analysis & Synthesis Resource Usage Summary                       ;
+---------------------------------------------+---------------------+
; Resource                                    ; Usage               ;
+---------------------------------------------+---------------------+
; Estimate of Logic utilization (ALMs needed) ; 14                  ;
;                                             ;                     ;
; Combinational ALUT usage for logic          ; 15                  ;
;     -- 7 input functions                    ; 0                   ;
;     -- 6 input functions                    ; 4                   ;
;     -- 5 input functions                    ; 2                   ;
;     -- 4 input functions                    ; 0                   ;
;     -- <=3 input functions                  ; 9                   ;
;                                             ;                     ;
; Dedicated logic registers                   ; 16                  ;
;                                             ;                     ;
; I/O pins                                    ; 13                  ;
;                                             ;                     ;
; Total DSP Blocks                            ; 0                   ;
;                                             ;                     ;
; Maximum fan-out node                        ; current_state.RIGHT ;
; Maximum fan-out                             ; 17                  ;
; Total fan-out                               ; 141                 ;
; Average fan-out                             ; 2.47                ;
+---------------------------------------------+---------------------+


+---------------------------------------------------------------------------------------------------------------------------------------------------------------------------------------------------------------------+
; Analysis & Synthesis Resource Utilization by Entity                                                                                                                                                                 ;
+-------------------------------+---------------------+---------------------------+-------------------+------------+------+--------------+----------------------------------------+--------------------+--------------+
; Compilation Hierarchy Node    ; Combinational ALUTs ; Dedicated Logic Registers ; Block Memory Bits ; DSP Blocks ; Pins ; Virtual Pins ; Full Hierarchy Name                    ; Entity Name        ; Library Name ;
+-------------------------------+---------------------+---------------------------+-------------------+------------+------+--------------+----------------------------------------+--------------------+--------------+
; |demo_display                 ; 15 (6)              ; 16 (2)                    ; 0                 ; 0          ; 13   ; 0            ; |demo_display                          ; demo_display       ; work         ;
;    |Bit10ShiftRegister:shft0| ; 3 (3)               ; 10 (10)                   ; 0                 ; 0          ; 0    ; 0            ; |demo_display|Bit10ShiftRegister:shft0 ; Bit10ShiftRegister ; work         ;
;    |counter4Bit:cnt0|         ; 6 (6)               ; 4 (4)                     ; 0                 ; 0          ; 0    ; 0            ; |demo_display|counter4Bit:cnt0         ; counter4Bit        ; work         ;
+-------------------------------+---------------------+---------------------------+-------------------+------------+------+--------------+----------------------------------------+--------------------+--------------+
Note: For table entries with two numbers listed, the numbers in parentheses indicate the number of resources of the given type used by the specific entity alone. The numbers listed outside of parentheses indicate the total resources of the given type used by the specific entity and all of its sub-entities in the hierarchy.


Encoding Type:  One-Hot
+-------------------------------------------------------------------------------------+
; State Machine - |demo_display|current_state                                         ;
+---------------------+---------------------+--------------------+--------------------+
; Name                ; current_state.RIGHT ; current_state.IDLE ; current_state.LEFT ;
+---------------------+---------------------+--------------------+--------------------+
; current_state.LEFT  ; 0                   ; 0                  ; 0                  ;
; current_state.IDLE  ; 0                   ; 1                  ; 1                  ;
; current_state.RIGHT ; 1                   ; 0                  ; 1                  ;
+---------------------+---------------------+--------------------+--------------------+


+---------------------------------------------------------------------------------------------------+
; User-Specified and Inferred Latches                                                               ;
+----------------------------------------------------+---------------------+------------------------+
; Latch Name                                         ; Latch Enable Signal ; Free of Timing Hazards ;
+----------------------------------------------------+---------------------+------------------------+
; next_state.RIGHT_118                               ; Selector3           ; yes                    ;
; next_state.LEFT_127                                ; Selector3           ; yes                    ;
; Number of user-specified and inferred latches = 2  ;                     ;                        ;
+----------------------------------------------------+---------------------+------------------------+
Note: All latches listed above may not be present at the end of synthesis due to various synthesis optimizations.


+------------------------------------------------------------+
; Registers Removed During Synthesis                         ;
+---------------------------------------+--------------------+
; Register name                         ; Reason for Removal ;
+---------------------------------------+--------------------+
; current_state.IDLE                    ; Lost fanout        ;
; Total Number of Removed Registers = 1 ;                    ;
+---------------------------------------+--------------------+


+------------------------------------------------------+
; General Register Statistics                          ;
+----------------------------------------------+-------+
; Statistic                                    ; Value ;
+----------------------------------------------+-------+
; Total registers                              ; 16    ;
; Number of registers using Synchronous Clear  ; 0     ;
; Number of registers using Synchronous Load   ; 8     ;
; Number of registers using Asynchronous Clear ; 16    ;
; Number of registers using Asynchronous Load  ; 0     ;
; Number of registers using Clock Enable       ; 0     ;
; Number of registers using Preset             ; 0     ;
+----------------------------------------------+-------+


+--------------------------------------------------+
; Inverted Register Statistics                     ;
+----------------------------------------+---------+
; Inverted Register                      ; Fan out ;
+----------------------------------------+---------+
; Bit10ShiftRegister:shft0|regval[0]     ; 2       ;
; Total number of inverted registers = 1 ;         ;
+----------------------------------------+---------+


+------------------------------------------------------+
; Port Connectivity Checks: "Bit10ShiftRegister:shft0" ;
+---------+-------+----------+-------------------------+
; Port    ; Type  ; Severity ; Details                 ;
+---------+-------+----------+-------------------------+
; sil     ; Input ; Info     ; Stuck at GND            ;
; sir     ; Input ; Info     ; Stuck at GND            ;
; l[9..1] ; Input ; Info     ; Stuck at GND            ;
; l[0]    ; Input ; Info     ; Stuck at VCC            ;
+---------+-------+----------+-------------------------+


+----------------------------------------------------------------------------------------------------------------+
; Port Connectivity Checks: "counter4Bit:cnt0"                                                                   ;
+------+--------+----------+-------------------------------------------------------------------------------------+
; Port ; Type   ; Severity ; Details                                                                             ;
+------+--------+----------+-------------------------------------------------------------------------------------+
; l[3] ; Input  ; Info     ; Stuck at VCC                                                                        ;
; l[2] ; Input  ; Info     ; Stuck at GND                                                                        ;
; l[1] ; Input  ; Info     ; Stuck at VCC                                                                        ;
; l[0] ; Input  ; Info     ; Stuck at GND                                                                        ;
; o[2] ; Output ; Info     ; Connected to dangling logic. Logic that only feeds a dangling port will be removed. ;
; o[0] ; Output ; Info     ; Connected to dangling logic. Logic that only feeds a dangling port will be removed. ;
+------+--------+----------+-------------------------------------------------------------------------------------+


+-----------------------------------------------------+
; Post-Synthesis Netlist Statistics for Top Partition ;
+-----------------------+-----------------------------+
; Type                  ; Count                       ;
+-----------------------+-----------------------------+
; arriav_ff             ; 16                          ;
;     CLR               ; 8                           ;
;     CLR SLD           ; 8                           ;
; arriav_lcell_comb     ; 15                          ;
;     normal            ; 15                          ;
;         1 data inputs ; 2                           ;
;         2 data inputs ; 3                           ;
;         3 data inputs ; 4                           ;
;         5 data inputs ; 2                           ;
;         6 data inputs ; 4                           ;
; boundary_port         ; 13                          ;
;                       ;                             ;
; Max LUT depth         ; 2.00                        ;
; Average LUT depth     ; 1.19                        ;
+-----------------------+-----------------------------+


+-------------------------------+
; Elapsed Time Per Partition    ;
+----------------+--------------+
; Partition Name ; Elapsed Time ;
+----------------+--------------+
; Top            ; 00:00:00     ;
+----------------+--------------+


+-------------------------------+
; Analysis & Synthesis Messages ;
+-------------------------------+
Info: *******************************************************************
Info: Running Quartus Prime Analysis & Synthesis
    Info: Version 16.1.1 Build 200 11/30/2016 SJ Lite Edition
    Info: Processing started: Fri Mar 04 11:25:12 2022
Info: Command: quartus_map --read_settings_files=on --write_settings_files=off lab5project -c lab5project
Warning (18236): Number of processors has not been specified which may cause overloading on shared machines.  Set the global assignment NUM_PARALLEL_PROCESSORS in your QSF to an appropriate value for best performance.
Info (20030): Parallel compilation is enabled and will use 4 of the 4 processors detected
Info (12021): Found 2 design units, including 1 entities, in source file counter4bit.vhd
    Info (12022): Found design unit 1: counter4Bit-count_arch File: H:/My Documents/Downloads/ECE5500/Lab5/counter4Bit.vhd Line: 12
    Info (12023): Found entity 1: counter4Bit File: H:/My Documents/Downloads/ECE5500/Lab5/counter4Bit.vhd Line: 6
Info (12021): Found 2 design units, including 1 entities, in source file bit10shiftregister.vhd
    Info (12022): Found design unit 1: Bit10ShiftRegister-Structure File: H:/My Documents/Downloads/ECE5500/Lab5/Bit10ShiftRegister.vhd Line: 11
    Info (12023): Found entity 1: Bit10ShiftRegister File: H:/My Documents/Downloads/ECE5500/Lab5/Bit10ShiftRegister.vhd Line: 5
Info (12021): Found 2 design units, including 1 entities, in source file counter20bit.vhd
    Info (12022): Found design unit 1: counter20Bit-count_arch File: H:/My Documents/Downloads/ECE5500/Lab5/counter20Bit.vhd Line: 11
    Info (12023): Found entity 1: counter20Bit File: H:/My Documents/Downloads/ECE5500/Lab5/counter20Bit.vhd Line: 6
Info (12021): Found 2 design units, including 1 entities, in source file demo_display.vhd
    Info (12022): Found design unit 1: demo_display-Structure File: H:/My Documents/Downloads/ECE5500/Lab5/demo_display.vhd Line: 9
    Info (12023): Found entity 1: demo_display File: H:/My Documents/Downloads/ECE5500/Lab5/demo_display.vhd Line: 4
Info (12127): Elaborating entity "demo_display" for the top level hierarchy
Warning (10631): VHDL Process Statement warning at demo_display.vhd(57): inferring latch(es) for signal or variable "next_state", which holds its previous value in one or more paths through the process File: H:/My Documents/Downloads/ECE5500/Lab5/demo_display.vhd Line: 57
Info (10041): Inferred latch for "next_state.RIGHT" at demo_display.vhd(57) File: H:/My Documents/Downloads/ECE5500/Lab5/demo_display.vhd Line: 57
Info (10041): Inferred latch for "next_state.LEFT" at demo_display.vhd(57) File: H:/My Documents/Downloads/ECE5500/Lab5/demo_display.vhd Line: 57
Info (10041): Inferred latch for "next_state.IDLE" at demo_display.vhd(57) File: H:/My Documents/Downloads/ECE5500/Lab5/demo_display.vhd Line: 57
Info (12128): Elaborating entity "counter4Bit" for hierarchy "counter4Bit:cnt0" File: H:/My Documents/Downloads/ECE5500/Lab5/demo_display.vhd Line: 35
Info (12128): Elaborating entity "Bit10ShiftRegister" for hierarchy "Bit10ShiftRegister:shft0" File: H:/My Documents/Downloads/ECE5500/Lab5/demo_display.vhd Line: 38
Warning (13012): Latch next_state.RIGHT_118 has unsafe behavior File: H:/My Documents/Downloads/ECE5500/Lab5/demo_display.vhd Line: 57
    Warning (13013): Ports D and ENA on the latch are fed by the same signal current_state.LEFT File: H:/My Documents/Downloads/ECE5500/Lab5/demo_display.vhd Line: 24
Warning (13012): Latch next_state.LEFT_127 has unsafe behavior File: H:/My Documents/Downloads/ECE5500/Lab5/demo_display.vhd Line: 57
    Warning (13013): Ports D and ENA on the latch are fed by the same signal current_state.LEFT File: H:/My Documents/Downloads/ECE5500/Lab5/demo_display.vhd Line: 24
Info (286030): Timing-Driven Synthesis is running
Info (17049): 1 registers lost all their fanouts during netlist optimizations.
Info (16010): Generating hard_block partition "hard_block:auto_generated_inst"
    Info (16011): Adding 0 node(s), including 0 DDIO, 0 PLL, 0 transceiver and 0 LCELL
Info (21057): Implemented 37 device resources after synthesis - the final resource count might be different
    Info (21058): Implemented 3 input pins
    Info (21059): Implemented 10 output pins
    Info (21061): Implemented 24 logic cells
Info: Quartus Prime Analysis & Synthesis was successful. 0 errors, 6 warnings
    Info: Peak virtual memory: 734 megabytes
    Info: Processing ended: Fri Mar 04 11:25:27 2022
    Info: Elapsed time: 00:00:15
    Info: Total CPU time (on all processors): 00:00:27


